Nonterminals useless in grammar

   literal
   primary_expression
   operator_function_id
   _operator
   template_opt
   unqualified_id
   TWO_COLON_opt
   conversion_function_id
   conversion_type_id
   conversion_type_id2
   conversion_declarator
   conversion_declarator_opt
   id
   nested_id
   global_scope
   scoped_id
   scoped_id2
   nested_name_specifier
   nested_name_specifier_opt
   postfix_expression
   expression_list
   expression_list_opt
   unary_expression
   new_expression
   new_placement
   new_placement_opt
   new_type_id
   after_opt
   after
   new_type_id2
   new_declarator
   new_declarator_opt
   direct_new_declarator
   new_initializer
   new_initializer_opt
   delete_expression
   cast_expression
   pm_expression
   multiplicative_expression
   additive_expression
   shift_expression
   relational_expression
   equality_expression
   and_expression
   exclusive_or_expression
   inclusive_or_expression
   logical_and_expression
   logical_or_expression
   conditional_expression
   assignment_operator
   assignment_expression
   assignment_expression_opt
   throw_expression
   expression
   expression_opt
   constant_expression
   constant_expression_opt
   statement
   labeled_statement
   try_block
   handler_seq
   handler
   exception_declaration
   jump_statement
   case_prim
   case_primlist
   template_argument_prim
   template_argument_primlist
   primlist_opt
   expression_or_declaration
   expression_statement
   statement_seq
   selection_statement
   condition
   condition_opt
   iteration_statement
   return_statement
   declaration_statement
   declaration_seq
   declaration_seq_opt
   declaration
   export_opt
   template_declaration
   template_parameter_list
   template_parameter
   TYPENAME_KW_opt
   type_parameter
   template_parameter_declaration
   template_parameter_declaration1
   template_parameter_declaration2
   template_id
   template_name
   template_argument_list
   template_argument_list_opt
   template_argument
   explicit_specialization
   linkage_specification
   namespace_definition
   named_namespace_definition
   unnamed_namespace_definition
   block_declaration
   typename_opt
   using_declaration
   using_directive
   simple_declaration
   simple_declaration2
   simple_declaration3
   simple_declaration4
   elaborate_type
   basic_type
   type_specifier2
   decl_specifier_seq
   decl_specifier_seq_opt
   decl_specifier
   _decl_specifier
   storage_class_specifier
   function_specifier
   simple_type_specifier_seq
   simple_type_specifier2
   simple_type_specifier
   type_specifier
   _type_specifier
   type_specifier_seq
   elaborated_type_specifier
   enum_specifier
   identifier_opt
   enumerator_list
   enumerator_list_opt
   enumerator_definition
   ctor_initializer
   mem_initializer_list
   mem_initializer
   mem_initializer_id
   ctor_initializer_opt
   function_definition
   function_try_block
   type_id_list
   type_id_list_opt
   exception_specification
   exception_specification_opt
   function_body
   compound_statement
   init_declarator_list
   init_declarator_list_opt
   init_declarator
   initializer_opt
   initializer
   COMMA_opt
   initializer_clause
   initializer_list
   declarator
   direct_declarator
   type_id
   type_id1
   type_id2
   type_id3
   abstract_declarator
   abstract_declarator_opt
   direct_abstract_declarator
   direct_abstract_declarator_opt
   parameter_declaration_clause
   three_dots_opt
   parameter_declaration_list
   parameter_declaration_list_opt
   parameter_declaration
   parameter_declaration1
   parameter_declaration3
   parameter_declaration4
   ptr_operator
   ptr_operator_in_declarator
   cc_qualifier
   cv_qualifier
   cv_qualifier_seq
   cv_qualifier_seq_opt
   cv_cc_qualifier
   cv_cc_qualifier_seq
   cv_cc_qualifier_seq_opt
   class_name
   class_specifier
   class_key
   access_specifier
   access_specifier_opt
   class_head
   member_specification
   member_declaration_decl
   member_declaration
   member_declarator_list
   member_declarator_list_opt
   member_declarator
   constant_initializer_opt
   member_specification_opt
   base_clause
   base_clause_opt
   base_specifier_list
   base_class_name
   base_specifier
   virtual_opt


Terminals unused in grammar

   EXP_TOKEN
   DECLS_TOKEN
   identifier_lparen
   DOT_STAR
   ARROW_STAR
   USING_KW
   AUTO_KW
   REGISTER_KW
   MUTABLE_KW
   STATIC_ASSERT_KW
   TRY_KW
   CATCH_KW
   EXPORT_KW
   CONSTEXPR_KW
   __INT128_KW
   TEMPLATE_NAME
   NTA
   YTA
   YTT
   NTY
   YTY
   CTORN


Rules useless in grammar

  129 literal: FALSE_KW
  130        | TRUE_KW
  131        | INTEGER_LITERAL
  132        | DOUBLE_LITERAL
  133        | STRING_LITERAL
  134        | LSTRING_LITERAL
  135        | CHAR_LITERAL

  136 primary_expression: literal
  137                   | THIS_KW
  138                   | '(' expression ')'
  139                   | scoped_id

  140 operator_function_id: OPERATOR_KW _operator

  141 _operator: '~'
  142          | NEW_KW
  143          | DELETE_KW
  144          | '='
  145          | '!'
  146          | '>'
  147          | '<'
  148          | '+'
  149          | '-'
  150          | STAR
  151          | '/'
  152          | '%'
  153          | BITOR
  154          | BITAND
  155          | BITXOR
  156          | EQUAL
  157          | NOT_EQUAL
  158          | LEQ
  159          | GEQ
  160          | PLUSPLUS
  161          | MINUSMINUS
  162          | LSHIFT
  163          | RSHIFT
  164          | ASSIGN_PLUS
  165          | ASSIGN_MINUS
  166          | ASSIGN_MUL
  167          | ASSIGN_DIV
  168          | ASSIGN_MOD
  169          | ASSIGN_LSHIFT
  170          | ASSIGN_RSHIFT
  171          | ASSIGN_OR
  172          | ASSIGN_AND
  173          | ASSIGN_XOR
  174          | ARROW
  175          | '[' ']'
  176          | '(' ')'

  177 template_opt: /* tom */
  178             | TEMPLATE_KW

  179 unqualified_id: nested_name_specifier
  180               | operator_function_id

  181 TWO_COLON_opt: /* tom */
  182              | TWO_COLON

  183 conversion_function_id: OPERATOR_KW conversion_type_id conversion_declarator_opt

  184 conversion_type_id: CONST_KW conversion_type_id
  185                   | basic_type
  186                   | basic_type conversion_type_id2
  187                   | scoped_id2

  188 conversion_type_id2: CONST_KW
  189                    | CONST_KW conversion_type_id2
  190                    | basic_type
  191                    | basic_type conversion_type_id2

  192 conversion_declarator: ptr_operator conversion_declarator_opt

  193 conversion_declarator_opt: /* tom */
  194                          | conversion_declarator

  195 id: IDENTIFIER
  196   | IDENTIFIER '<' template_argument_list_opt '>'

  197 nested_id: id
  198          | operator_function_id
  199          | '~' IDENTIFIER
  200          | id TWO_COLON nested_id
  201          | id TWO_COLON STAR nested_id

  202 global_scope: TWO_COLON

  203 scoped_id: nested_id
  204          | global_scope nested_id
  205          | conversion_function_id

  206 scoped_id2: nested_id
  207           | global_scope nested_id

  208 nested_name_specifier: IDENTIFIER TWO_COLON

  209 nested_name_specifier_opt: /* tom */
  210                          | nested_name_specifier

  211 postfix_expression: primary_expression
  212                   | postfix_expression '[' expression ']'
  213                   | postfix_expression '(' expression_list_opt ')'
  214                   | basic_type '(' expression_list_opt ')'
  215                   | postfix_expression PLUSPLUS
  216                   | postfix_expression MINUSMINUS
  217                   | postfix_expression '.' scoped_id
  218                   | postfix_expression ARROW scoped_id
  219                   | STATIC_CAST_KW '<' type_id '>' '(' expression ')'
  220                   | DYNAMIC_CAST_KW '<' type_id '>' '(' expression ')'

  221 expression_list: assignment_expression
  222                | expression_list ',' assignment_expression

  223 expression_list_opt: /* tom */
  224                    | expression_list

  225 unary_expression: postfix_expression
  226                 | PLUSPLUS cast_expression
  227                 | MINUSMINUS cast_expression
  228                 | STAR cast_expression
  229                 | BITAND cast_expression
  230                 | '+' cast_expression
  231                 | '-' cast_expression
  232                 | '!' cast_expression
  233                 | SIZEOF_KW unary_expression
  234                 | SIZEOF_KW '(' type_id ')'
  235                 | new_expression new_declarator_opt new_initializer_opt
  236                 | delete_expression

  237 new_expression: TWO_COLON_opt NEW_KW new_placement_opt new_type_id

  238 new_placement: '(' expression_list ')'

  239 new_placement_opt: /* tom */
  240                  | new_placement

  241 new_type_id: CONST_KW new_type_id
  242            | basic_type new_type_id2
  243            | scoped_id

  244 after_opt: /* tom */
  245          | after

  246 after: '<' template_parameter_list '>'

  247 new_type_id2: CONST_KW new_type_id2
  248             | basic_type new_type_id2

  249 new_declarator: ptr_operator new_declarator_opt
  250               | direct_new_declarator

  251 new_declarator_opt: /* tom */
  252                   | new_declarator

  253 direct_new_declarator: '[' expression ']'
  254                      | direct_new_declarator '[' constant_expression ']'

  255 new_initializer: '(' expression_list_opt ')'

  256 new_initializer_opt: /* tom */
  257                    | new_initializer

  258 delete_expression: TWO_COLON_opt DELETE_KW cast_expression
  259                  | TWO_COLON_opt DELETE_KW '[' ']' cast_expression

  260 cast_expression: unary_expression
  261                | '(' type_id ')' cast_expression

  262 pm_expression: cast_expression
  263              | pm_expression DOT_STAR cast_expression
  264              | pm_expression ARROW_STAR cast_expression

  265 multiplicative_expression: pm_expression
  266                          | multiplicative_expression STAR pm_expression
  267                          | multiplicative_expression '/' pm_expression
  268                          | multiplicative_expression '%' pm_expression

  269 additive_expression: multiplicative_expression
  270                    | additive_expression '+' multiplicative_expression
  271                    | additive_expression '-' multiplicative_expression

  272 shift_expression: additive_expression
  273                 | shift_expression LSHIFT additive_expression
  274                 | shift_expression RSHIFT additive_expression

  275 relational_expression: shift_expression
  276                      | relational_expression '<' shift_expression
  277                      | relational_expression '>' shift_expression
  278                      | relational_expression LEQ shift_expression
  279                      | relational_expression GEQ shift_expression

  280 equality_expression: relational_expression
  281                    | equality_expression EQUAL relational_expression
  282                    | equality_expression NOT_EQUAL relational_expression

  283 and_expression: equality_expression
  284               | and_expression BITAND equality_expression

  285 exclusive_or_expression: and_expression
  286                        | exclusive_or_expression BITXOR and_expression

  287 inclusive_or_expression: exclusive_or_expression
  288                        | inclusive_or_expression BITOR exclusive_or_expression

  289 logical_and_expression: inclusive_or_expression
  290                       | logical_and_expression LAND inclusive_or_expression

  291 logical_or_expression: logical_and_expression
  292                      | logical_or_expression LOR logical_and_expression

  293 conditional_expression: logical_or_expression
  294                       | logical_or_expression '?' expression ':' assignment_expression

  295 assignment_operator: '='
  296                    | ASSIGN_PLUS
  297                    | ASSIGN_MINUS
  298                    | ASSIGN_OR
  299                    | ASSIGN_XOR
  300                    | ASSIGN_AND
  301                    | ASSIGN_MUL
  302                    | ASSIGN_DIV
  303                    | ASSIGN_MOD
  304                    | ASSIGN_LSHIFT
  305                    | ASSIGN_RSHIFT

  306 assignment_expression: conditional_expression
  307                      | logical_or_expression assignment_operator assignment_expression

  308 assignment_expression_opt: /* tom */
  309                          | assignment_expression

  310 throw_expression: THROW_KW assignment_expression_opt

  311 expression: assignment_expression
  312           | expression ',' assignment_expression

  313 expression_opt: /* tom */
  314               | expression

  315 constant_expression: conditional_expression

  316 constant_expression_opt: /* tom */
  317                        | conditional_expression

  318 statement: expression_or_declaration
  319          | labeled_statement
  320          | compound_statement
  321          | selection_statement
  322          | iteration_statement
  323          | jump_statement
  324          | return_statement

  325 labeled_statement: CASE_KW case_primlist ':' statement
  326                  | DEFAULT_KW ':' statement
  327                  | IDENTIFIER ':' statement

  328 try_block: TRY_KW compound_statement handler_seq

  329 handler_seq: handler
  330            | handler handler_seq

  331 handler: CATCH_KW '(' exception_declaration ')' compound_statement

  332 exception_declaration: type_specifier declarator
  333                      | THREE_DOTS

  334 jump_statement: CONTINUE_KW ';'
  335               | BREAK_KW ';'
  336               | GOTO_KW IDENTIFIER ';'

  337 case_prim: FALSE_KW
  338          | TRUE_KW
  339          | INTEGER_LITERAL
  340          | DOUBLE_LITERAL
  341          | STRING_LITERAL
  342          | LSTRING_LITERAL
  343          | CHAR_LITERAL
  344          | TWO_COLON
  345          | IDENTIFIER
  346          | THIS_KW
  347          | NEW_KW
  348          | DELETE_KW
  349          | OPERATOR_KW
  350          | STRUCT_KW
  351          | CLASS_KW
  352          | UNION_KW
  353          | INTERFACE_KW
  354          | ENUM_KW
  355          | CONST_KW
  356          | VOLATILE_KW
  357          | TYPEDEF_KW
  358          | INLINE_KW
  359          | TYPENAME_KW
  360          | CHAR_KW
  361          | WCHAR_T_KW
  362          | BOOL_KW
  363          | INT_KW
  364          | SHORT_KW
  365          | LONG_KW
  366          | SIGNED_KW
  367          | UNSIGNED_KW
  368          | FLOAT_KW
  369          | DOUBLE_KW
  370          | VOID_KW
  371          | RETURN_KW
  372          | ATTRIBUTE_KW
  373          | '(' ')'
  374          | '(' primlist ')'
  375          | '['
  376          | ']'
  377          | '{'
  378          | '}'
  379          | STATIC_CAST_KW
  380          | DYNAMIC_CAST_KW
  381          | SIZEOF_KW
  382          | '<'
  383          | '>'
  384          | '+'
  385          | '-'
  386          | '/'
  387          | '%'
  388          | '='
  389          | '~'
  390          | '?'
  391          | '!'
  392          | EQUAL
  393          | NOT_EQUAL
  394          | LEQ
  395          | GEQ
  396          | ','
  397          | '.'
  398          | '@'
  399          | LSHIFT
  400          | RSHIFT
  401          | LOR
  402          | LAND
  403          | BITOR
  404          | BITAND
  405          | BITXOR
  406          | ARROW
  407          | STAR
  408          | PLUSPLUS
  409          | MINUSMINUS
  410          | ASSIGN_PLUS
  411          | ASSIGN_MINUS
  412          | ASSIGN_MUL
  413          | ASSIGN_DIV
  414          | ASSIGN_MOD

  415 case_primlist: case_prim
  416              | case_primlist case_prim

  417 template_argument_prim: FALSE_KW
  418                       | TRUE_KW
  419                       | INTEGER_LITERAL
  420                       | DOUBLE_LITERAL
  421                       | STRING_LITERAL
  422                       | LSTRING_LITERAL
  423                       | CHAR_LITERAL
  424                       | TWO_COLON
  425                       | IDENTIFIER
  426                       | THIS_KW
  427                       | NEW_KW
  428                       | DELETE_KW
  429                       | OPERATOR_KW
  430                       | STRUCT_KW
  431                       | CLASS_KW
  432                       | UNION_KW
  433                       | INTERFACE_KW
  434                       | ENUM_KW
  435                       | CONST_KW
  436                       | VOLATILE_KW
  437                       | TYPEDEF_KW
  438                       | THROW_KW
  439                       | CHAR_KW
  440                       | WCHAR_T_KW
  441                       | BOOL_KW
  442                       | INT_KW
  443                       | SHORT_KW
  444                       | LONG_KW
  445                       | SIGNED_KW
  446                       | UNSIGNED_KW
  447                       | FLOAT_KW
  448                       | DOUBLE_KW
  449                       | VOID_KW
  450                       | '(' ')'
  451                       | '(' primlist ')'
  452                       | '['
  453                       | ']'
  454                       | STATIC_CAST_KW
  455                       | DYNAMIC_CAST_KW
  456                       | REINTERPRET_CAST_KW
  457                       | CONST_CAST_KW
  458                       | SIZEOF_KW
  459                       | '>'
  460                       | '+'
  461                       | '-'
  462                       | '/'
  463                       | '%'
  464                       | '='
  465                       | '~'
  466                       | '?'
  467                       | ':'
  468                       | '!'
  469                       | EQUAL
  470                       | NOT_EQUAL
  471                       | LEQ
  472                       | GEQ
  473                       | '.'
  474                       | LSHIFT
  475                       | RSHIFT
  476                       | LOR
  477                       | LAND
  478                       | BITOR
  479                       | BITAND
  480                       | BITXOR
  481                       | ARROW
  482                       | STAR
  483                       | PLUSPLUS
  484                       | MINUSMINUS
  485                       | ASSIGN_PLUS
  486                       | ASSIGN_MINUS
  487                       | ASSIGN_MUL
  488                       | ASSIGN_DIV
  489                       | ASSIGN_MOD
  490                       | ASSIGN_LSHIFT
  491                       | ASSIGN_RSHIFT

  492 template_argument_primlist: template_argument_prim
  493                           | template_argument_primlist template_argument_prim

  494 primlist_opt: /* tom */
  495             | primlist

  496 expression_or_declaration: primlist ';'

  497 expression_statement: expression ';'

  498 statement_seq: statement
  499              | statement statement_seq

  500 selection_statement: IF_KW '(' condition ')' statement
  501                    | IF_KW '(' condition ')' statement ELSE_KW statement
  502                    | SWITCH_KW '(' condition ')' statement

  503 condition: primlist

  504 condition_opt: /* tom */
  505              | condition

  506 iteration_statement: WHILE_KW '(' condition ')' statement
  507                    | DO_KW statement WHILE_KW '(' primlist ')' ';'
  508                    | FOR_KW '(' primlist_opt ';' primlist_opt ';' primlist_opt ')' statement

  509 return_statement: RETURN_KW ';'
  510                 | RETURN_KW primlist ';'

  511 declaration_statement: block_declaration

  512 declaration_seq: declaration
  513                | declaration declaration_seq

  514 declaration_seq_opt: /* tom */
  515                    | declaration_seq

  516 declaration: block_declaration
  517            | function_definition
  518            | linkage_specification
  519            | explicit_specialization
  520            | namespace_definition
  521            | template_declaration

  522 export_opt: /* tom */
  523           | EXPORT_KW

  524 template_declaration: export_opt TEMPLATE_KW '<' template_parameter_list '>' declaration

  525 template_parameter_list: template_parameter
  526                        | template_parameter_list ',' template_parameter

  527 template_parameter: type_parameter
  528                   | template_parameter_declaration

  529 TYPENAME_KW_opt: /* tom */
  530                | TYPENAME_KW

  531 type_parameter: CLASS_KW identifier_opt
  532               | CLASS_KW identifier_opt '=' type_id
  533               | TYPENAME_KW identifier_opt
  534               | TYPENAME_KW identifier_opt '=' type_id
  535               | TEMPLATE_KW '<' template_parameter_list '>' CLASS_KW identifier_opt

  536 template_parameter_declaration: template_parameter_declaration1 declarator

  537 template_parameter_declaration1: CONST_KW template_parameter_declaration1
  538                                | basic_type
  539                                | basic_type template_parameter_declaration2

  540 template_parameter_declaration2: basic_type
  541                                | basic_type template_parameter_declaration2

  542 template_id: template_name '<' template_argument_list_opt '>'

  543 template_name: IDENTIFIER

  544 template_argument_list: template_argument
  545                       | template_argument_list ',' template_argument

  546 template_argument_list_opt: /* tom */
  547                           | template_argument_list

  548 template_argument: template_argument_primlist

  549 explicit_specialization: TEMPLATE_KW '<' '>' declaration

  550 linkage_specification: EXTERN_KW STRING_LITERAL '{' declaration_seq_opt '}'
  551                      | EXTERN_KW STRING_LITERAL declaration

  552 namespace_definition: named_namespace_definition

  553 named_namespace_definition: NAMESPACE_KW IDENTIFIER '{' declaration_seq_opt '}'

  554 unnamed_namespace_definition: NAMESPACE_KW '{' declaration_seq_opt '}'

  555 block_declaration: simple_declaration
  556                  | using_declaration
  557                  | using_directive
  558                  | __ASM_KW

  559 typename_opt: /* tom */
  560             | TYPENAME_KW

  561 using_declaration: USING_KW typename_opt unqualified_id ';'

  562 using_directive: USING_KW NAMESPACE_KW scoped_id ';'

  563 simple_declaration: simple_declaration2 init_declarator_list_opt ';'

  564 simple_declaration2: CONST_KW simple_declaration2
  565                    | VOLATILE_KW simple_declaration2
  566                    | TYPEDEF_KW simple_declaration2
  567                    | INLINE_KW
  568                    | INLINE_KW simple_declaration2
  569                    | EXTERN_KW simple_declaration2
  570                    | STATIC_KW simple_declaration2
  571                    | VIRTUAL_KW
  572                    | VIRTUAL_KW simple_declaration2
  573                    | EXPLICIT_KW
  574                    | EXPLICIT_KW simple_declaration2
  575                    | basic_type
  576                    | basic_type simple_declaration3
  577                    | elaborate_type
  578                    | elaborate_type simple_declaration4
  579                    | scoped_id

  580 simple_declaration3: basic_type
  581                    | basic_type simple_declaration3
  582                    | CONST_KW
  583                    | CONST_KW simple_declaration3
  584                    | VOLATILE_KW
  585                    | VOLATILE_KW simple_declaration3
  586                    | TYPEDEF_KW
  587                    | TYPEDEF_KW simple_declaration3
  588                    | INLINE_KW
  589                    | INLINE_KW simple_declaration3

  590 simple_declaration4: TYPEDEF_KW simple_declaration4
  591                    | INLINE_KW simple_declaration4
  592                    | CONST_KW
  593                    | VOLATILE_KW
  594                    | TYPEDEF_KW
  595                    | INLINE_KW

  596 elaborate_type: class_specifier
  597               | enum_specifier

  598 basic_type: VOID_KW
  599           | BOOL_KW
  600           | CHAR_KW
  601           | WCHAR_T_KW
  602           | INT_KW
  603           | SHORT_KW
  604           | LONG_KW
  605           | SIGNED_KW
  606           | UNSIGNED_KW
  607           | FLOAT_KW
  608           | DOUBLE_KW

  609 type_specifier2: nested_name_specifier
  610                | CHAR_KW

  611 decl_specifier_seq: decl_specifier
  612                   | decl_specifier_seq decl_specifier

  613 decl_specifier_seq_opt: /* tom */
  614                       | decl_specifier_seq

  615 decl_specifier: type_specifier
  616               | function_specifier
  617               | FRIEND_KW
  618               | TYPEDEF_KW

  619 _decl_specifier: _type_specifier

  620 storage_class_specifier: AUTO_KW
  621                        | REGISTER_KW
  622                        | STATIC_KW
  623                        | MUTABLE_KW
  624                        | __DECLSPEC_KW '(' IDENTIFIER ')'

  625 function_specifier: INLINE_KW
  626                   | VIRTUAL_KW
  627                   | EXPLICIT_KW

  628 simple_type_specifier_seq: simple_type_specifier2
  629                          | simple_type_specifier_seq simple_type_specifier2

  630 simple_type_specifier2: CHAR_KW
  631                       | WCHAR_T_KW
  632                       | BOOL_KW
  633                       | SHORT_KW
  634                       | INT_KW
  635                       | __INT64_KW
  636                       | LONG_KW
  637                       | SIGNED_KW
  638                       | UNSIGNED_KW
  639                       | FLOAT_KW
  640                       | DOUBLE_KW
  641                       | VOID_KW

  642 simple_type_specifier: scoped_id

  643 type_specifier: simple_type_specifier2

  644 _type_specifier: simple_type_specifier
  645                | class_specifier
  646                | enum_specifier
  647                | cv_qualifier

  648 type_specifier_seq: type_specifier
  649                   | type_specifier_seq type_specifier

  650 elaborated_type_specifier: class_key scoped_id

  651 enum_specifier: ENUM_KW identifier_opt '{' enumerator_list_opt '}'
  652               | ENUM_KW IDENTIFIER

  653 identifier_opt: /* tom */
  654               | IDENTIFIER

  655 enumerator_list: enumerator_definition
  656                | enumerator_list ','
  657                | enumerator_list ',' enumerator_definition

  658 enumerator_list_opt: /* tom */
  659                    | enumerator_list

  660 enumerator_definition: IDENTIFIER
  661                      | IDENTIFIER '=' constant_expression

  662 ctor_initializer: ':' mem_initializer_list

  663 mem_initializer_list: mem_initializer
  664                     | mem_initializer ',' mem_initializer_list

  665 mem_initializer: mem_initializer_id '(' expression_list_opt ')'

  666 mem_initializer_id: nested_name_specifier_opt class_name

  667 ctor_initializer_opt: /* tom */
  668                     | ctor_initializer

  669 function_definition: simple_declaration2 declarator ctor_initializer_opt function_body
  670                    | declarator ctor_initializer_opt function_body

  671 function_try_block: TRY_KW

  672 type_id_list: type_id
  673             | type_id_list ',' type_id

  674 type_id_list_opt: /* tom */
  675                 | type_id_list

  676 exception_specification: THROW_KW '(' type_id_list_opt ')'

  677 exception_specification_opt: /* tom */
  678                            | exception_specification

  679 function_body: compound_statement

  680 compound_statement: '{' '}'
  681                   | '{' statement_seq '}'

  682 init_declarator_list: init_declarator
  683                     | init_declarator_list ',' init_declarator

  684 init_declarator_list_opt: /* tom */
  685                         | init_declarator_list

  686 init_declarator: declarator
  687                | declarator initializer

  688 initializer_opt: /* tom */
  689                | initializer

  690 initializer: '=' initializer_clause
  691            | '(' expression_list ')'

  692 COMMA_opt: /* tom */
  693          | ','

  694 initializer_clause: assignment_expression
  695                   | '{' initializer_list COMMA_opt '}'
  696                   | '{' '}'

  697 initializer_list: initializer_clause
  698                 | initializer_list ',' initializer_clause

  699 declarator: direct_declarator
  700           | ptr_operator declarator

  701 direct_declarator: scoped_id
  702                  | direct_declarator '(' parameter_declaration_clause ')' cv_qualifier_seq_opt exception_specification_opt
  703                  | '(' declarator ')'
  704                  | direct_declarator '[' constant_expression_opt ']'

  705 type_id: type_id1 abstract_declarator_opt

  706 type_id1: CONST_KW type_id1
  707         | VOLATILE_KW type_id1
  708         | basic_type
  709         | basic_type type_id2
  710         | elaborate_type
  711         | elaborate_type type_id3
  712         | TYPENAME_KW_opt scoped_id
  713         | TYPENAME_KW_opt scoped_id type_id3

  714 type_id2: CONST_KW type_id2
  715         | VOLATILE_KW type_id2
  716         | basic_type type_id2
  717         | CONST_KW
  718         | VOLATILE_KW
  719         | basic_type

  720 type_id3: CONST_KW type_id3
  721         | CONST_KW

  722 abstract_declarator: direct_abstract_declarator
  723                    | ptr_operator abstract_declarator_opt

  724 abstract_declarator_opt: /* tom */
  725                        | abstract_declarator

  726 direct_abstract_declarator: direct_abstract_declarator '(' parameter_declaration_clause ')' cv_qualifier_seq_opt exception_specification_opt
  727                           | direct_abstract_declarator '[' constant_expression_opt ']'
  728                           | '(' parameter_declaration_clause ')' cv_qualifier_seq_opt exception_specification_opt
  729                           | '[' constant_expression_opt ']'
  730                           | '(' abstract_declarator ')'

  731 direct_abstract_declarator_opt: /* tom */
  732                               | direct_abstract_declarator

  733 parameter_declaration_clause: parameter_declaration_list_opt
  734                             | parameter_declaration_list ',' THREE_DOTS

  735 three_dots_opt: /* tom */
  736               | THREE_DOTS

  737 parameter_declaration_list: parameter_declaration
  738                           | parameter_declaration_list ',' parameter_declaration

  739 parameter_declaration_list_opt: /* tom */
  740                               | parameter_declaration_list

  741 parameter_declaration: parameter_declaration1 abstract_declarator_opt
  742                      | parameter_declaration1 abstract_declarator_opt '=' assignment_expression
  743                      | parameter_declaration1 declarator
  744                      | parameter_declaration1 declarator '=' assignment_expression

  745 parameter_declaration1: CONST_KW parameter_declaration1
  746                       | VOLATILE_KW parameter_declaration1
  747                       | basic_type
  748                       | basic_type parameter_declaration3
  749                       | elaborate_type
  750                       | elaborate_type parameter_declaration4
  751                       | TYPENAME_KW_opt scoped_id
  752                       | TYPENAME_KW_opt scoped_id parameter_declaration4

  753 parameter_declaration3: basic_type parameter_declaration3
  754                       | basic_type
  755                       | CONST_KW parameter_declaration3
  756                       | VOLATILE_KW parameter_declaration3
  757                       | CONST_KW
  758                       | VOLATILE_KW

  759 parameter_declaration4: CONST_KW parameter_declaration4
  760                       | VOLATILE_KW parameter_declaration4
  761                       | CONST_KW
  762                       | VOLATILE_KW

  763 ptr_operator: cc_qualifier
  764             | STAR cv_qualifier_seq_opt
  765             | BITAND

  766 ptr_operator_in_declarator: STAR cv_cc_qualifier_seq_opt
  767                           | BITAND cv_cc_qualifier

  768 cc_qualifier: __STDCALL_KW
  769             | __CDECL_KW

  770 cv_qualifier: CONST_KW
  771             | VOLATILE_KW

  772 cv_qualifier_seq: cv_qualifier
  773                 | cv_qualifier cv_qualifier_seq

  774 cv_qualifier_seq_opt: /* tom */
  775                     | cv_qualifier_seq

  776 cv_cc_qualifier: CONST_KW
  777                | VOLATILE_KW
  778                | __CDECL_KW
  779                | __STDCALL_KW

  780 cv_cc_qualifier_seq: cv_cc_qualifier
  781                    | cv_cc_qualifier cv_cc_qualifier_seq

  782 cv_cc_qualifier_seq_opt: /* tom */
  783                        | cv_cc_qualifier_seq

  784 class_name: IDENTIFIER
  785           | template_id

  786 class_specifier: class_key scoped_id
  787                | class_head '{' member_specification_opt '}'

  788 class_key: CLASS_KW
  789          | STRUCT_KW
  790          | UNION_KW
  791          | INTERFACE_KW

  792 access_specifier: PRIVATE_KW
  793                 | PROTECTED_KW
  794                 | PUBLIC_KW

  795 access_specifier_opt: /* tom */
  796                     | access_specifier

  797 class_head: class_key
  798           | class_key scoped_id base_clause_opt

  799 member_specification: member_declaration member_specification_opt
  800                     | access_specifier ':' member_specification_opt

  801 member_declaration_decl: member_declarator_list_opt ';'
  802                        | simple_declaration2 member_declarator_list_opt ';'

  803 member_declaration: member_declaration_decl
  804                   | function_definition
  805                   | template_declaration

  806 member_declarator_list: member_declarator
  807                       | member_declarator_list ',' member_declarator

  808 member_declarator_list_opt: /* tom */
  809                           | member_declarator_list

  810 member_declarator: declarator constant_initializer_opt
  811                  | scoped_id ':' constant_expression

  812 constant_initializer_opt: /* tom */
  813                         | '=' constant_expression

  814 member_specification_opt: /* tom */
  815                         | member_specification

  816 base_clause: ':' base_specifier_list

  817 base_clause_opt: /* tom */
  818                | base_clause

  819 base_specifier_list: base_specifier
  820                    | base_specifier ',' base_specifier_list

  821 base_class_name: scoped_id

  822 base_specifier: base_class_name
  823               | VIRTUAL_KW access_specifier_opt base_class_name
  824               | access_specifier virtual_opt base_class_name

  825 virtual_opt: /* tom */
  826            | VIRTUAL_KW


Grammatikk

    0 $accept: translation_unit $end

    1 translation_unit: primlist

    2 prim: FALSE_KW
    3     | TRUE_KW
    4     | INTEGER_LITERAL
    5     | DOUBLE_LITERAL
    6     | STRING_LITERAL
    7     | LSTRING_LITERAL
    8     | CHAR_LITERAL
    9     | TWO_COLON
   10     | IMPORT_KW
   11     | IDENTIFIER
   12     | THIS_KW
   13     | NEW_KW
   14     | DELETE_KW
   15     | OPERATOR_KW
   16     | STRUCT_KW
   17     | CLASS_KW
   18     | UNION_KW
   19     | INTERFACE_KW
   20     | ENUM_KW
   21     | CONST_KW
   22     | VOLATILE_KW
   23     | TYPEDEF_KW
   24     | INLINE_KW
   25     | VIRTUAL_KW
   26     | STATIC_KW
   27     | EXPLICIT_KW
   28     | FRIEND_KW
   29     | ATTRIBUTE_KW
   30     | __ASM_KW
   31     | __CDECL_KW
   32     | __STDCALL_KW
   33     | __FASTCALL_KW
   34     | __DECLSPEC_KW
   35     | THREE_DOTS
   36     | DO_KW
   37     | WHILE_KW
   38     | SWITCH_KW
   39     | IF_KW
   40     | ELSE_KW
   41     | FOR_KW
   42     | RETURN_KW
   43     | BREAK_KW
   44     | CONTINUE_KW
   45     | CASE_KW
   46     | DEFAULT_KW
   47     | GOTO_KW
   48     | THROW_KW
   49     | NAMESPACE_KW
   50     | EXTERN_KW
   51     | CHAR_KW
   52     | WCHAR_T_KW
   53     | BOOL_KW
   54     | INT_KW
   55     | SHORT_KW
   56     | LONG_KW
   57     | SIGNED_KW
   58     | UNSIGNED_KW
   59     | FLOAT_KW
   60     | DOUBLE_KW
   61     | VOID_KW
   62     | __INT8_KW
   63     | __INT16_KW
   64     | __INT32_KW
   65     | __INT64_KW
   66     | __FLOAT32_KW
   67     | __FLOAT64_KW
   68     | PUBLIC_KW
   69     | PROTECTED_KW
   70     | PRIVATE_KW
   71     | TEMPLATE_KW
   72     | TYPENAME_KW
   73     | DECLTYPE_KW
   74     | NULLPTR_KW
   75     | ';'
   76     | '('
   77     | ')'
   78     | '['
   79     | ']'
   80     | '{'
   81     | '}'
   82     | STATIC_CAST_KW
   83     | DYNAMIC_CAST_KW
   84     | REINTERPRET_CAST_KW
   85     | CONST_CAST_KW
   86     | SIZEOF_KW
   87     | TYPEID_KW
   88     | '<'
   89     | '>'
   90     | '+'
   91     | '-'
   92     | '/'
   93     | '%'
   94     | '='
   95     | '~'
   96     | '?'
   97     | ':'
   98     | '!'
   99     | EQUAL
  100     | NOT_EQUAL
  101     | LEQ
  102     | GEQ
  103     | ','
  104     | '.'
  105     | '@'
  106     | LSHIFT
  107     | RSHIFT
  108     | LOR
  109     | LAND
  110     | BITOR
  111     | BITAND
  112     | BITXOR
  113     | ARROW
  114     | STAR
  115     | PLUSPLUS
  116     | MINUSMINUS
  117     | ASSIGN_PLUS
  118     | ASSIGN_MINUS
  119     | ASSIGN_MUL
  120     | ASSIGN_DIV
  121     | ASSIGN_MOD
  122     | ASSIGN_OR
  123     | ASSIGN_XOR
  124     | ASSIGN_AND
  125     | ASSIGN_LSHIFT
  126     | ASSIGN_RSHIFT

  127 primlist: prim
  128         | primlist prim


Terminaler med regler hvor de opptrer

$end (0) 0
'!' (33) 98
'%' (37) 93
'(' (40) 76
')' (41) 77
'+' (43) 90
',' (44) 103
'-' (45) 91
'.' (46) 104
'/' (47) 92
':' (58) 97
';' (59) 75
'<' (60) 88
'=' (61) 94
'>' (62) 89
'?' (63) 96
'@' (64) 105
'[' (91) 78
']' (93) 79
'{' (123) 80
'}' (125) 81
'~' (126) 95
error (256)
EXP_TOKEN (258)
DECLS_TOKEN (259)
IDENTIFIER (260) 11
identifier_lparen (261)
PLUSPLUS (262) 115
MINUSMINUS (263) 116
ARROW (264) 113
EQUAL (265) 99
NOT_EQUAL (266) 100
ASSIGN_PLUS (267) 117
ASSIGN_MINUS (268) 118
ASSIGN_OR (269) 122
ASSIGN_XOR (270) 123
ASSIGN_AND (271) 124
ASSIGN_MUL (272) 119
ASSIGN_DIV (273) 120
ASSIGN_MOD (274) 121
ASSIGN_LSHIFT (275) 125
ASSIGN_RSHIFT (276) 126
LEQ (277) 101
GEQ (278) 102
STAR (279) 114
BITAND (280) 111
BITOR (281) 110
BITXOR (282) 112
LAND (283) 109
LOR (284) 108
DOT_STAR (285)
ARROW_STAR (286)
NAMESPACE_KW (287) 49
USING_KW (288)
EXTERN_KW (289) 50
IF_KW (290) 39
ELSE_KW (291) 40
SWITCH_KW (292) 38
CASE_KW (293) 45
DEFAULT_KW (294) 46
GOTO_KW (295) 47
BREAK_KW (296) 43
CONTINUE_KW (297) 44
FOR_KW (298) 41
DO_KW (299) 36
WHILE_KW (300) 37
CONST_KW (301) 21
VOLATILE_KW (302) 22
TYPEDEF_KW (303) 23
TYPENAME_KW (304) 72
ENUM_KW (305) 20
CLASS_KW (306) 17
STRUCT_KW (307) 16
UNION_KW (308) 18
PRIVATE_KW (309) 70
PROTECTED_KW (310) 69
PUBLIC_KW (311) 68
AUTO_KW (312)
REGISTER_KW (313)
STATIC_KW (314) 26
MUTABLE_KW (315)
INLINE_KW (316) 24
VIRTUAL_KW (317) 25
EXPLICIT_KW (318) 27
FRIEND_KW (319) 28
FALSE_KW (320) 2
TRUE_KW (321) 3
STATIC_ASSERT_KW (322)
STATIC_CAST_KW (323) 82
REINTERPRET_CAST_KW (324) 84
DYNAMIC_CAST_KW (325) 83
CONST_CAST_KW (326) 85
RETURN_KW (327) 42
TRY_KW (328)
THROW_KW (329) 48
CATCH_KW (330)
CHAR_KW (331) 51
WCHAR_T_KW (332) 52
BOOL_KW (333) 53
SHORT_KW (334) 55
INT_KW (335) 54
INTERFACE_KW (336) 19
LONG_KW (337) 56
SIGNED_KW (338) 57
UNSIGNED_KW (339) 58
FLOAT_KW (340) 59
DOUBLE_KW (341) 60
VOID_KW (342) 61
TEMPLATE_KW (343) 71
EXPORT_KW (344)
NULLPTR_KW (345) 74
CONSTEXPR_KW (346)
DECLTYPE_KW (347) 73
__FLOAT32_KW (348) 66
__FLOAT64_KW (349) 67
__INT8_KW (350) 62
__INT16_KW (351) 63
__INT32_KW (352) 64
__INT64_KW (353) 65
__INT128_KW (354)
__CDECL_KW (355) 31
__STDCALL_KW (356) 32
__FASTCALL_KW (357) 33
__DECLSPEC_KW (358) 34
__ASM_KW (359) 30
LSHIFT (360) 106
RSHIFT (361) 107
TWO_COLON (362) 9
THREE_DOTS (363) 35
NEW_KW (364) 13
DELETE_KW (365) 14
OPERATOR_KW (366) 15
SIZEOF_KW (367) 86
TYPEID_KW (368) 87
STRING_LITERAL (369) 6
LSTRING_LITERAL (370) 7
CHAR_LITERAL (371) 8
INTEGER_LITERAL (372) 4
DOUBLE_LITERAL (373) 5
IMPORT_KW (374) 10
TEMPLATE_NAME (375)
ATTRIBUTE_KW (376) 29
THIS_KW (377) 12
NTA (378)
YTA (379)
YTT (380)
NTY (381)
YTY (382)
CTORN (383)
SHIFT_THERE (384)


Ikke-terminaler med regler hvor de opptrer

$accept (151)
    til venstre: 0
translation_unit (152)
    til venstre: 1, til høyre: 0
prim (153)
    til venstre: 2 3 4 5 6 7 8 9 10 11 12 13 14 15 16 17 18 19 20 21
    22 23 24 25 26 27 28 29 30 31 32 33 34 35 36 37 38 39 40 41 42
    43 44 45 46 47 48 49 50 51 52 53 54 55 56 57 58 59 60 61 62 63
    64 65 66 67 68 69 70 71 72 73 74 75 76 77 78 79 80 81 82 83 84
    85 86 87 88 89 90 91 92 93 94 95 96 97 98 99 100 101 102 103 104
    105 106 107 108 109 110 111 112 113 114 115 116 117 118 119 120
    121 122 123 124 125 126, til høyre: 127 128
primlist (154)
    til venstre: 127 128, til høyre: 1 128


tilstand 0

    0 $accept: . translation_unit $end

    IDENTIFIER           skift og gå til tilstand 1
    PLUSPLUS             skift og gå til tilstand 2
    MINUSMINUS           skift og gå til tilstand 3
    ARROW                skift og gå til tilstand 4
    EQUAL                skift og gå til tilstand 5
    NOT_EQUAL            skift og gå til tilstand 6
    ASSIGN_PLUS          skift og gå til tilstand 7
    ASSIGN_MINUS         skift og gå til tilstand 8
    ASSIGN_OR            skift og gå til tilstand 9
    ASSIGN_XOR           skift og gå til tilstand 10
    ASSIGN_AND           skift og gå til tilstand 11
    ASSIGN_MUL           skift og gå til tilstand 12
    ASSIGN_DIV           skift og gå til tilstand 13
    ASSIGN_MOD           skift og gå til tilstand 14
    ASSIGN_LSHIFT        skift og gå til tilstand 15
    ASSIGN_RSHIFT        skift og gå til tilstand 16
    LEQ                  skift og gå til tilstand 17
    GEQ                  skift og gå til tilstand 18
    STAR                 skift og gå til tilstand 19
    BITAND               skift og gå til tilstand 20
    BITOR                skift og gå til tilstand 21
    BITXOR               skift og gå til tilstand 22
    LAND                 skift og gå til tilstand 23
    LOR                  skift og gå til tilstand 24
    NAMESPACE_KW         skift og gå til tilstand 25
    EXTERN_KW            skift og gå til tilstand 26
    IF_KW                skift og gå til tilstand 27
    ELSE_KW              skift og gå til tilstand 28
    SWITCH_KW            skift og gå til tilstand 29
    CASE_KW              skift og gå til tilstand 30
    DEFAULT_KW           skift og gå til tilstand 31
    GOTO_KW              skift og gå til tilstand 32
    BREAK_KW             skift og gå til tilstand 33
    CONTINUE_KW          skift og gå til tilstand 34
    FOR_KW               skift og gå til tilstand 35
    DO_KW                skift og gå til tilstand 36
    WHILE_KW             skift og gå til tilstand 37
    CONST_KW             skift og gå til tilstand 38
    VOLATILE_KW          skift og gå til tilstand 39
    TYPEDEF_KW           skift og gå til tilstand 40
    TYPENAME_KW          skift og gå til tilstand 41
    ENUM_KW              skift og gå til tilstand 42
    CLASS_KW             skift og gå til tilstand 43
    STRUCT_KW            skift og gå til tilstand 44
    UNION_KW             skift og gå til tilstand 45
    PRIVATE_KW           skift og gå til tilstand 46
    PROTECTED_KW         skift og gå til tilstand 47
    PUBLIC_KW            skift og gå til tilstand 48
    STATIC_KW            skift og gå til tilstand 49
    INLINE_KW            skift og gå til tilstand 50
    VIRTUAL_KW           skift og gå til tilstand 51
    EXPLICIT_KW          skift og gå til tilstand 52
    FRIEND_KW            skift og gå til tilstand 53
    FALSE_KW             skift og gå til tilstand 54
    TRUE_KW              skift og gå til tilstand 55
    STATIC_CAST_KW       skift og gå til tilstand 56
    REINTERPRET_CAST_KW  skift og gå til tilstand 57
    DYNAMIC_CAST_KW      skift og gå til tilstand 58
    CONST_CAST_KW        skift og gå til tilstand 59
    RETURN_KW            skift og gå til tilstand 60
    THROW_KW             skift og gå til tilstand 61
    CHAR_KW              skift og gå til tilstand 62
    WCHAR_T_KW           skift og gå til tilstand 63
    BOOL_KW              skift og gå til tilstand 64
    SHORT_KW             skift og gå til tilstand 65
    INT_KW               skift og gå til tilstand 66
    INTERFACE_KW         skift og gå til tilstand 67
    LONG_KW              skift og gå til tilstand 68
    SIGNED_KW            skift og gå til tilstand 69
    UNSIGNED_KW          skift og gå til tilstand 70
    FLOAT_KW             skift og gå til tilstand 71
    DOUBLE_KW            skift og gå til tilstand 72
    VOID_KW              skift og gå til tilstand 73
    TEMPLATE_KW          skift og gå til tilstand 74
    NULLPTR_KW           skift og gå til tilstand 75
    DECLTYPE_KW          skift og gå til tilstand 76
    __FLOAT32_KW         skift og gå til tilstand 77
    __FLOAT64_KW         skift og gå til tilstand 78
    __INT8_KW            skift og gå til tilstand 79
    __INT16_KW           skift og gå til tilstand 80
    __INT32_KW           skift og gå til tilstand 81
    __INT64_KW           skift og gå til tilstand 82
    __CDECL_KW           skift og gå til tilstand 83
    __STDCALL_KW         skift og gå til tilstand 84
    __FASTCALL_KW        skift og gå til tilstand 85
    __DECLSPEC_KW        skift og gå til tilstand 86
    __ASM_KW             skift og gå til tilstand 87
    LSHIFT               skift og gå til tilstand 88
    RSHIFT               skift og gå til tilstand 89
    TWO_COLON            skift og gå til tilstand 90
    THREE_DOTS           skift og gå til tilstand 91
    NEW_KW               skift og gå til tilstand 92
    DELETE_KW            skift og gå til tilstand 93
    OPERATOR_KW          skift og gå til tilstand 94
    SIZEOF_KW            skift og gå til tilstand 95
    TYPEID_KW            skift og gå til tilstand 96
    STRING_LITERAL       skift og gå til tilstand 97
    LSTRING_LITERAL      skift og gå til tilstand 98
    CHAR_LITERAL         skift og gå til tilstand 99
    INTEGER_LITERAL      skift og gå til tilstand 100
    DOUBLE_LITERAL       skift og gå til tilstand 101
    IMPORT_KW            skift og gå til tilstand 102
    ATTRIBUTE_KW         skift og gå til tilstand 103
    THIS_KW              skift og gå til tilstand 104
    '('                  skift og gå til tilstand 105
    ')'                  skift og gå til tilstand 106
    '~'                  skift og gå til tilstand 107
    '='                  skift og gå til tilstand 108
    '!'                  skift og gå til tilstand 109
    '>'                  skift og gå til tilstand 110
    '<'                  skift og gå til tilstand 111
    '+'                  skift og gå til tilstand 112
    '-'                  skift og gå til tilstand 113
    '/'                  skift og gå til tilstand 114
    '%'                  skift og gå til tilstand 115
    '['                  skift og gå til tilstand 116
    ']'                  skift og gå til tilstand 117
    '.'                  skift og gå til tilstand 118
    ','                  skift og gå til tilstand 119
    '?'                  skift og gå til tilstand 120
    ':'                  skift og gå til tilstand 121
    ';'                  skift og gå til tilstand 122
    '{'                  skift og gå til tilstand 123
    '}'                  skift og gå til tilstand 124
    '@'                  skift og gå til tilstand 125

    translation_unit  gå til tilstand 126
    prim              gå til tilstand 127
    primlist          gå til tilstand 128


tilstand 1

   11 prim: IDENTIFIER .

    $default  reduksjon ved hjelp av regel 11 (prim)


tilstand 2

  115 prim: PLUSPLUS .

    $default  reduksjon ved hjelp av regel 115 (prim)


tilstand 3

  116 prim: MINUSMINUS .

    $default  reduksjon ved hjelp av regel 116 (prim)


tilstand 4

  113 prim: ARROW .

    $default  reduksjon ved hjelp av regel 113 (prim)


tilstand 5

   99 prim: EQUAL .

    $default  reduksjon ved hjelp av regel 99 (prim)


tilstand 6

  100 prim: NOT_EQUAL .

    $default  reduksjon ved hjelp av regel 100 (prim)


tilstand 7

  117 prim: ASSIGN_PLUS .

    $default  reduksjon ved hjelp av regel 117 (prim)


tilstand 8

  118 prim: ASSIGN_MINUS .

    $default  reduksjon ved hjelp av regel 118 (prim)


tilstand 9

  122 prim: ASSIGN_OR .

    $default  reduksjon ved hjelp av regel 122 (prim)


tilstand 10

  123 prim: ASSIGN_XOR .

    $default  reduksjon ved hjelp av regel 123 (prim)


tilstand 11

  124 prim: ASSIGN_AND .

    $default  reduksjon ved hjelp av regel 124 (prim)


tilstand 12

  119 prim: ASSIGN_MUL .

    $default  reduksjon ved hjelp av regel 119 (prim)


tilstand 13

  120 prim: ASSIGN_DIV .

    $default  reduksjon ved hjelp av regel 120 (prim)


tilstand 14

  121 prim: ASSIGN_MOD .

    $default  reduksjon ved hjelp av regel 121 (prim)


tilstand 15

  125 prim: ASSIGN_LSHIFT .

    $default  reduksjon ved hjelp av regel 125 (prim)


tilstand 16

  126 prim: ASSIGN_RSHIFT .

    $default  reduksjon ved hjelp av regel 126 (prim)


tilstand 17

  101 prim: LEQ .

    $default  reduksjon ved hjelp av regel 101 (prim)


tilstand 18

  102 prim: GEQ .

    $default  reduksjon ved hjelp av regel 102 (prim)


tilstand 19

  114 prim: STAR .

    $default  reduksjon ved hjelp av regel 114 (prim)


tilstand 20

  111 prim: BITAND .

    $default  reduksjon ved hjelp av regel 111 (prim)


tilstand 21

  110 prim: BITOR .

    $default  reduksjon ved hjelp av regel 110 (prim)


tilstand 22

  112 prim: BITXOR .

    $default  reduksjon ved hjelp av regel 112 (prim)


tilstand 23

  109 prim: LAND .

    $default  reduksjon ved hjelp av regel 109 (prim)


tilstand 24

  108 prim: LOR .

    $default  reduksjon ved hjelp av regel 108 (prim)


tilstand 25

   49 prim: NAMESPACE_KW .

    $default  reduksjon ved hjelp av regel 49 (prim)


tilstand 26

   50 prim: EXTERN_KW .

    $default  reduksjon ved hjelp av regel 50 (prim)


tilstand 27

   39 prim: IF_KW .

    $default  reduksjon ved hjelp av regel 39 (prim)


tilstand 28

   40 prim: ELSE_KW .

    $default  reduksjon ved hjelp av regel 40 (prim)


tilstand 29

   38 prim: SWITCH_KW .

    $default  reduksjon ved hjelp av regel 38 (prim)


tilstand 30

   45 prim: CASE_KW .

    $default  reduksjon ved hjelp av regel 45 (prim)


tilstand 31

   46 prim: DEFAULT_KW .

    $default  reduksjon ved hjelp av regel 46 (prim)


tilstand 32

   47 prim: GOTO_KW .

    $default  reduksjon ved hjelp av regel 47 (prim)


tilstand 33

   43 prim: BREAK_KW .

    $default  reduksjon ved hjelp av regel 43 (prim)


tilstand 34

   44 prim: CONTINUE_KW .

    $default  reduksjon ved hjelp av regel 44 (prim)


tilstand 35

   41 prim: FOR_KW .

    $default  reduksjon ved hjelp av regel 41 (prim)


tilstand 36

   36 prim: DO_KW .

    $default  reduksjon ved hjelp av regel 36 (prim)


tilstand 37

   37 prim: WHILE_KW .

    $default  reduksjon ved hjelp av regel 37 (prim)


tilstand 38

   21 prim: CONST_KW .

    $default  reduksjon ved hjelp av regel 21 (prim)


tilstand 39

   22 prim: VOLATILE_KW .

    $default  reduksjon ved hjelp av regel 22 (prim)


tilstand 40

   23 prim: TYPEDEF_KW .

    $default  reduksjon ved hjelp av regel 23 (prim)


tilstand 41

   72 prim: TYPENAME_KW .

    $default  reduksjon ved hjelp av regel 72 (prim)


tilstand 42

   20 prim: ENUM_KW .

    $default  reduksjon ved hjelp av regel 20 (prim)


tilstand 43

   17 prim: CLASS_KW .

    $default  reduksjon ved hjelp av regel 17 (prim)


tilstand 44

   16 prim: STRUCT_KW .

    $default  reduksjon ved hjelp av regel 16 (prim)


tilstand 45

   18 prim: UNION_KW .

    $default  reduksjon ved hjelp av regel 18 (prim)


tilstand 46

   70 prim: PRIVATE_KW .

    $default  reduksjon ved hjelp av regel 70 (prim)


tilstand 47

   69 prim: PROTECTED_KW .

    $default  reduksjon ved hjelp av regel 69 (prim)


tilstand 48

   68 prim: PUBLIC_KW .

    $default  reduksjon ved hjelp av regel 68 (prim)


tilstand 49

   26 prim: STATIC_KW .

    $default  reduksjon ved hjelp av regel 26 (prim)


tilstand 50

   24 prim: INLINE_KW .

    $default  reduksjon ved hjelp av regel 24 (prim)


tilstand 51

   25 prim: VIRTUAL_KW .

    $default  reduksjon ved hjelp av regel 25 (prim)


tilstand 52

   27 prim: EXPLICIT_KW .

    $default  reduksjon ved hjelp av regel 27 (prim)


tilstand 53

   28 prim: FRIEND_KW .

    $default  reduksjon ved hjelp av regel 28 (prim)


tilstand 54

    2 prim: FALSE_KW .

    $default  reduksjon ved hjelp av regel 2 (prim)


tilstand 55

    3 prim: TRUE_KW .

    $default  reduksjon ved hjelp av regel 3 (prim)


tilstand 56

   82 prim: STATIC_CAST_KW .

    $default  reduksjon ved hjelp av regel 82 (prim)


tilstand 57

   84 prim: REINTERPRET_CAST_KW .

    $default  reduksjon ved hjelp av regel 84 (prim)


tilstand 58

   83 prim: DYNAMIC_CAST_KW .

    $default  reduksjon ved hjelp av regel 83 (prim)


tilstand 59

   85 prim: CONST_CAST_KW .

    $default  reduksjon ved hjelp av regel 85 (prim)


tilstand 60

   42 prim: RETURN_KW .

    $default  reduksjon ved hjelp av regel 42 (prim)


tilstand 61

   48 prim: THROW_KW .

    $default  reduksjon ved hjelp av regel 48 (prim)


tilstand 62

   51 prim: CHAR_KW .

    $default  reduksjon ved hjelp av regel 51 (prim)


tilstand 63

   52 prim: WCHAR_T_KW .

    $default  reduksjon ved hjelp av regel 52 (prim)


tilstand 64

   53 prim: BOOL_KW .

    $default  reduksjon ved hjelp av regel 53 (prim)


tilstand 65

   55 prim: SHORT_KW .

    $default  reduksjon ved hjelp av regel 55 (prim)


tilstand 66

   54 prim: INT_KW .

    $default  reduksjon ved hjelp av regel 54 (prim)


tilstand 67

   19 prim: INTERFACE_KW .

    $default  reduksjon ved hjelp av regel 19 (prim)


tilstand 68

   56 prim: LONG_KW .

    $default  reduksjon ved hjelp av regel 56 (prim)


tilstand 69

   57 prim: SIGNED_KW .

    $default  reduksjon ved hjelp av regel 57 (prim)


tilstand 70

   58 prim: UNSIGNED_KW .

    $default  reduksjon ved hjelp av regel 58 (prim)


tilstand 71

   59 prim: FLOAT_KW .

    $default  reduksjon ved hjelp av regel 59 (prim)


tilstand 72

   60 prim: DOUBLE_KW .

    $default  reduksjon ved hjelp av regel 60 (prim)


tilstand 73

   61 prim: VOID_KW .

    $default  reduksjon ved hjelp av regel 61 (prim)


tilstand 74

   71 prim: TEMPLATE_KW .

    $default  reduksjon ved hjelp av regel 71 (prim)


tilstand 75

   74 prim: NULLPTR_KW .

    $default  reduksjon ved hjelp av regel 74 (prim)


tilstand 76

   73 prim: DECLTYPE_KW .

    $default  reduksjon ved hjelp av regel 73 (prim)


tilstand 77

   66 prim: __FLOAT32_KW .

    $default  reduksjon ved hjelp av regel 66 (prim)


tilstand 78

   67 prim: __FLOAT64_KW .

    $default  reduksjon ved hjelp av regel 67 (prim)


tilstand 79

   62 prim: __INT8_KW .

    $default  reduksjon ved hjelp av regel 62 (prim)


tilstand 80

   63 prim: __INT16_KW .

    $default  reduksjon ved hjelp av regel 63 (prim)


tilstand 81

   64 prim: __INT32_KW .

    $default  reduksjon ved hjelp av regel 64 (prim)


tilstand 82

   65 prim: __INT64_KW .

    $default  reduksjon ved hjelp av regel 65 (prim)


tilstand 83

   31 prim: __CDECL_KW .

    $default  reduksjon ved hjelp av regel 31 (prim)


tilstand 84

   32 prim: __STDCALL_KW .

    $default  reduksjon ved hjelp av regel 32 (prim)


tilstand 85

   33 prim: __FASTCALL_KW .

    $default  reduksjon ved hjelp av regel 33 (prim)


tilstand 86

   34 prim: __DECLSPEC_KW .

    $default  reduksjon ved hjelp av regel 34 (prim)


tilstand 87

   30 prim: __ASM_KW .

    $default  reduksjon ved hjelp av regel 30 (prim)


tilstand 88

  106 prim: LSHIFT .

    $default  reduksjon ved hjelp av regel 106 (prim)


tilstand 89

  107 prim: RSHIFT .

    $default  reduksjon ved hjelp av regel 107 (prim)


tilstand 90

    9 prim: TWO_COLON .

    $default  reduksjon ved hjelp av regel 9 (prim)


tilstand 91

   35 prim: THREE_DOTS .

    $default  reduksjon ved hjelp av regel 35 (prim)


tilstand 92

   13 prim: NEW_KW .

    $default  reduksjon ved hjelp av regel 13 (prim)


tilstand 93

   14 prim: DELETE_KW .

    $default  reduksjon ved hjelp av regel 14 (prim)


tilstand 94

   15 prim: OPERATOR_KW .

    $default  reduksjon ved hjelp av regel 15 (prim)


tilstand 95

   86 prim: SIZEOF_KW .

    $default  reduksjon ved hjelp av regel 86 (prim)


tilstand 96

   87 prim: TYPEID_KW .

    $default  reduksjon ved hjelp av regel 87 (prim)


tilstand 97

    6 prim: STRING_LITERAL .

    $default  reduksjon ved hjelp av regel 6 (prim)


tilstand 98

    7 prim: LSTRING_LITERAL .

    $default  reduksjon ved hjelp av regel 7 (prim)


tilstand 99

    8 prim: CHAR_LITERAL .

    $default  reduksjon ved hjelp av regel 8 (prim)


tilstand 100

    4 prim: INTEGER_LITERAL .

    $default  reduksjon ved hjelp av regel 4 (prim)


tilstand 101

    5 prim: DOUBLE_LITERAL .

    $default  reduksjon ved hjelp av regel 5 (prim)


tilstand 102

   10 prim: IMPORT_KW .

    $default  reduksjon ved hjelp av regel 10 (prim)


tilstand 103

   29 prim: ATTRIBUTE_KW .

    $default  reduksjon ved hjelp av regel 29 (prim)


tilstand 104

   12 prim: THIS_KW .

    $default  reduksjon ved hjelp av regel 12 (prim)


tilstand 105

   76 prim: '(' .

    $default  reduksjon ved hjelp av regel 76 (prim)


tilstand 106

   77 prim: ')' .

    $default  reduksjon ved hjelp av regel 77 (prim)


tilstand 107

   95 prim: '~' .

    $default  reduksjon ved hjelp av regel 95 (prim)


tilstand 108

   94 prim: '=' .

    $default  reduksjon ved hjelp av regel 94 (prim)


tilstand 109

   98 prim: '!' .

    $default  reduksjon ved hjelp av regel 98 (prim)


tilstand 110

   89 prim: '>' .

    $default  reduksjon ved hjelp av regel 89 (prim)


tilstand 111

   88 prim: '<' .

    $default  reduksjon ved hjelp av regel 88 (prim)


tilstand 112

   90 prim: '+' .

    $default  reduksjon ved hjelp av regel 90 (prim)


tilstand 113

   91 prim: '-' .

    $default  reduksjon ved hjelp av regel 91 (prim)


tilstand 114

   92 prim: '/' .

    $default  reduksjon ved hjelp av regel 92 (prim)


tilstand 115

   93 prim: '%' .

    $default  reduksjon ved hjelp av regel 93 (prim)


tilstand 116

   78 prim: '[' .

    $default  reduksjon ved hjelp av regel 78 (prim)


tilstand 117

   79 prim: ']' .

    $default  reduksjon ved hjelp av regel 79 (prim)


tilstand 118

  104 prim: '.' .

    $default  reduksjon ved hjelp av regel 104 (prim)


tilstand 119

  103 prim: ',' .

    $default  reduksjon ved hjelp av regel 103 (prim)


tilstand 120

   96 prim: '?' .

    $default  reduksjon ved hjelp av regel 96 (prim)


tilstand 121

   97 prim: ':' .

    $default  reduksjon ved hjelp av regel 97 (prim)


tilstand 122

   75 prim: ';' .

    $default  reduksjon ved hjelp av regel 75 (prim)


tilstand 123

   80 prim: '{' .

    $default  reduksjon ved hjelp av regel 80 (prim)


tilstand 124

   81 prim: '}' .

    $default  reduksjon ved hjelp av regel 81 (prim)


tilstand 125

  105 prim: '@' .

    $default  reduksjon ved hjelp av regel 105 (prim)


tilstand 126

    0 $accept: translation_unit . $end

    $end  skift og gå til tilstand 129


tilstand 127

  127 primlist: prim .

    $default  reduksjon ved hjelp av regel 127 (primlist)


tilstand 128

    1 translation_unit: primlist .
  128 primlist: primlist . prim

    IDENTIFIER           skift og gå til tilstand 1
    PLUSPLUS             skift og gå til tilstand 2
    MINUSMINUS           skift og gå til tilstand 3
    ARROW                skift og gå til tilstand 4
    EQUAL                skift og gå til tilstand 5
    NOT_EQUAL            skift og gå til tilstand 6
    ASSIGN_PLUS          skift og gå til tilstand 7
    ASSIGN_MINUS         skift og gå til tilstand 8
    ASSIGN_OR            skift og gå til tilstand 9
    ASSIGN_XOR           skift og gå til tilstand 10
    ASSIGN_AND           skift og gå til tilstand 11
    ASSIGN_MUL           skift og gå til tilstand 12
    ASSIGN_DIV           skift og gå til tilstand 13
    ASSIGN_MOD           skift og gå til tilstand 14
    ASSIGN_LSHIFT        skift og gå til tilstand 15
    ASSIGN_RSHIFT        skift og gå til tilstand 16
    LEQ                  skift og gå til tilstand 17
    GEQ                  skift og gå til tilstand 18
    STAR                 skift og gå til tilstand 19
    BITAND               skift og gå til tilstand 20
    BITOR                skift og gå til tilstand 21
    BITXOR               skift og gå til tilstand 22
    LAND                 skift og gå til tilstand 23
    LOR                  skift og gå til tilstand 24
    NAMESPACE_KW         skift og gå til tilstand 25
    EXTERN_KW            skift og gå til tilstand 26
    IF_KW                skift og gå til tilstand 27
    ELSE_KW              skift og gå til tilstand 28
    SWITCH_KW            skift og gå til tilstand 29
    CASE_KW              skift og gå til tilstand 30
    DEFAULT_KW           skift og gå til tilstand 31
    GOTO_KW              skift og gå til tilstand 32
    BREAK_KW             skift og gå til tilstand 33
    CONTINUE_KW          skift og gå til tilstand 34
    FOR_KW               skift og gå til tilstand 35
    DO_KW                skift og gå til tilstand 36
    WHILE_KW             skift og gå til tilstand 37
    CONST_KW             skift og gå til tilstand 38
    VOLATILE_KW          skift og gå til tilstand 39
    TYPEDEF_KW           skift og gå til tilstand 40
    TYPENAME_KW          skift og gå til tilstand 41
    ENUM_KW              skift og gå til tilstand 42
    CLASS_KW             skift og gå til tilstand 43
    STRUCT_KW            skift og gå til tilstand 44
    UNION_KW             skift og gå til tilstand 45
    PRIVATE_KW           skift og gå til tilstand 46
    PROTECTED_KW         skift og gå til tilstand 47
    PUBLIC_KW            skift og gå til tilstand 48
    STATIC_KW            skift og gå til tilstand 49
    INLINE_KW            skift og gå til tilstand 50
    VIRTUAL_KW           skift og gå til tilstand 51
    EXPLICIT_KW          skift og gå til tilstand 52
    FRIEND_KW            skift og gå til tilstand 53
    FALSE_KW             skift og gå til tilstand 54
    TRUE_KW              skift og gå til tilstand 55
    STATIC_CAST_KW       skift og gå til tilstand 56
    REINTERPRET_CAST_KW  skift og gå til tilstand 57
    DYNAMIC_CAST_KW      skift og gå til tilstand 58
    CONST_CAST_KW        skift og gå til tilstand 59
    RETURN_KW            skift og gå til tilstand 60
    THROW_KW             skift og gå til tilstand 61
    CHAR_KW              skift og gå til tilstand 62
    WCHAR_T_KW           skift og gå til tilstand 63
    BOOL_KW              skift og gå til tilstand 64
    SHORT_KW             skift og gå til tilstand 65
    INT_KW               skift og gå til tilstand 66
    INTERFACE_KW         skift og gå til tilstand 67
    LONG_KW              skift og gå til tilstand 68
    SIGNED_KW            skift og gå til tilstand 69
    UNSIGNED_KW          skift og gå til tilstand 70
    FLOAT_KW             skift og gå til tilstand 71
    DOUBLE_KW            skift og gå til tilstand 72
    VOID_KW              skift og gå til tilstand 73
    TEMPLATE_KW          skift og gå til tilstand 74
    NULLPTR_KW           skift og gå til tilstand 75
    DECLTYPE_KW          skift og gå til tilstand 76
    __FLOAT32_KW         skift og gå til tilstand 77
    __FLOAT64_KW         skift og gå til tilstand 78
    __INT8_KW            skift og gå til tilstand 79
    __INT16_KW           skift og gå til tilstand 80
    __INT32_KW           skift og gå til tilstand 81
    __INT64_KW           skift og gå til tilstand 82
    __CDECL_KW           skift og gå til tilstand 83
    __STDCALL_KW         skift og gå til tilstand 84
    __FASTCALL_KW        skift og gå til tilstand 85
    __DECLSPEC_KW        skift og gå til tilstand 86
    __ASM_KW             skift og gå til tilstand 87
    LSHIFT               skift og gå til tilstand 88
    RSHIFT               skift og gå til tilstand 89
    TWO_COLON            skift og gå til tilstand 90
    THREE_DOTS           skift og gå til tilstand 91
    NEW_KW               skift og gå til tilstand 92
    DELETE_KW            skift og gå til tilstand 93
    OPERATOR_KW          skift og gå til tilstand 94
    SIZEOF_KW            skift og gå til tilstand 95
    TYPEID_KW            skift og gå til tilstand 96
    STRING_LITERAL       skift og gå til tilstand 97
    LSTRING_LITERAL      skift og gå til tilstand 98
    CHAR_LITERAL         skift og gå til tilstand 99
    INTEGER_LITERAL      skift og gå til tilstand 100
    DOUBLE_LITERAL       skift og gå til tilstand 101
    IMPORT_KW            skift og gå til tilstand 102
    ATTRIBUTE_KW         skift og gå til tilstand 103
    THIS_KW              skift og gå til tilstand 104
    '('                  skift og gå til tilstand 105
    ')'                  skift og gå til tilstand 106
    '~'                  skift og gå til tilstand 107
    '='                  skift og gå til tilstand 108
    '!'                  skift og gå til tilstand 109
    '>'                  skift og gå til tilstand 110
    '<'                  skift og gå til tilstand 111
    '+'                  skift og gå til tilstand 112
    '-'                  skift og gå til tilstand 113
    '/'                  skift og gå til tilstand 114
    '%'                  skift og gå til tilstand 115
    '['                  skift og gå til tilstand 116
    ']'                  skift og gå til tilstand 117
    '.'                  skift og gå til tilstand 118
    ','                  skift og gå til tilstand 119
    '?'                  skift og gå til tilstand 120
    ':'                  skift og gå til tilstand 121
    ';'                  skift og gå til tilstand 122
    '{'                  skift og gå til tilstand 123
    '}'                  skift og gå til tilstand 124
    '@'                  skift og gå til tilstand 125

    $default  reduksjon ved hjelp av regel 1 (translation_unit)

    prim  gå til tilstand 130


tilstand 129

    0 $accept: translation_unit $end .

    $default  aksept


tilstand 130

  128 primlist: primlist prim .

    $default  reduksjon ved hjelp av regel 128 (primlist)
