Nonterminals useless in grammar

   literal
   primary_expression
   operator_function_id
   _operator
   template_opt
   unqualified_id
   TWO_COLON_opt
   conversion_function_id
   conversion_type_id
   conversion_type_id2
   conversion_declarator
   conversion_declarator_opt
   id
   nested_id
   global_scope
   scoped_id
   scoped_id2
   nested_name_specifier
   nested_name_specifier_opt
   postfix_expression
   expression_list
   expression_list_opt
   unary_expression
   new_expression
   new_placement
   new_placement_opt
   new_type_id
   after_opt
   after
   new_type_id2
   new_declarator
   new_declarator_opt
   direct_new_declarator
   new_initializer
   new_initializer_opt
   delete_expression
   cast_expression
   pm_expression
   multiplicative_expression
   additive_expression
   shift_expression
   relational_expression
   equality_expression
   and_expression
   exclusive_or_expression
   inclusive_or_expression
   logical_and_expression
   logical_or_expression
   conditional_expression
   assignment_operator
   assignment_expression
   assignment_expression_opt
   throw_expression
   expression
   expression_opt
   constant_expression
   constant_expression_opt
   statement
   labeled_statement
   try_block
   handler_seq
   handler
   exception_declaration
   jump_statement
   case_prim
   case_primlist
   template_argument_prim
   template_argument_primlist
   primlist_opt
   expression_or_declaration
   expression_statement
   statement_seq
   selection_statement
   condition
   condition_opt
   iteration_statement
   return_statement
   declaration_statement
   declaration_seq
   declaration_seq_opt
   declaration
   export_opt
   template_declaration
   template_parameter_list
   template_parameter
   TYPENAME_KW_opt
   type_parameter
   template_parameter_declaration
   template_parameter_declaration1
   template_parameter_declaration2
   template_id
   template_name
   template_argument_list
   template_argument_list_opt
   template_argument
   explicit_specialization
   linkage_specification
   namespace_definition
   named_namespace_definition
   unnamed_namespace_definition
   block_declaration
   typename_opt
   using_declaration
   using_directive
   simple_declaration
   simple_declaration2
   simple_declaration3
   simple_declaration4
   elaborate_type
   basic_type
   type_specifier2
   decl_specifier_seq
   decl_specifier_seq_opt
   decl_specifier
   _decl_specifier
   storage_class_specifier
   function_specifier
   simple_type_specifier_seq
   simple_type_specifier2
   simple_type_specifier
   type_specifier
   _type_specifier
   type_specifier_seq
   elaborated_type_specifier
   enum_specifier
   identifier_opt
   enumerator_list
   enumerator_list_opt
   enumerator_definition
   ctor_initializer
   mem_initializer_list
   mem_initializer
   mem_initializer_id
   ctor_initializer_opt
   function_definition
   function_try_block
   type_id_list
   type_id_list_opt
   exception_specification
   exception_specification_opt
   function_body
   compound_statement
   init_declarator_list
   init_declarator_list_opt
   init_declarator
   initializer_opt
   initializer
   COMMA_opt
   initializer_clause
   initializer_list
   declarator
   direct_declarator
   type_id
   type_id1
   type_id2
   type_id3
   abstract_declarator
   abstract_declarator_opt
   direct_abstract_declarator
   direct_abstract_declarator_opt
   parameter_declaration_clause
   three_dots_opt
   parameter_declaration_list
   parameter_declaration_list_opt
   parameter_declaration
   parameter_declaration1
   parameter_declaration3
   parameter_declaration4
   ptr_operator
   ptr_operator_in_declarator
   cc_qualifier
   cv_qualifier
   cv_qualifier_seq
   cv_qualifier_seq_opt
   cv_cc_qualifier
   cv_cc_qualifier_seq
   cv_cc_qualifier_seq_opt
   class_name
   class_specifier
   class_key
   access_specifier
   access_specifier_opt
   class_head
   member_specification
   member_declaration_decl
   member_declaration
   member_declarator_list
   member_declarator_list_opt
   member_declarator
   constant_initializer_opt
   member_specification_opt
   base_clause
   base_clause_opt
   base_specifier_list
   base_class_name
   base_specifier
   virtual_opt


Terminals unused in grammar

   EXP_TOKEN
   DECLS_TOKEN
   identifier_lparen
   DOT_STAR
   ARROW_STAR
   USING_KW
   AUTO_KW
   REGISTER_KW
   MUTABLE_KW
   STATIC_ASSERT_KW
   TRY_KW
   CATCH_KW
   EXPORT_KW
   NULLPTR_KW
   CONSTEXPR_KW
   DECLTYPE_KW
   __INT128_KW
   TEMPLATE_NAME
   NTA
   YTA
   YTT
   NTY
   YTY
   CTORN


Rules useless in grammar

  127 literal: FALSE_KW
  128        | TRUE_KW
  129        | INTEGER_LITERAL
  130        | DOUBLE_LITERAL
  131        | STRING_LITERAL
  132        | LSTRING_LITERAL
  133        | CHAR_LITERAL

  134 primary_expression: literal
  135                   | THIS_KW
  136                   | '(' expression ')'
  137                   | scoped_id

  138 operator_function_id: OPERATOR_KW _operator

  139 _operator: '~'
  140          | NEW_KW
  141          | DELETE_KW
  142          | '='
  143          | '!'
  144          | '>'
  145          | '<'
  146          | '+'
  147          | '-'
  148          | STAR
  149          | '/'
  150          | '%'
  151          | BITOR
  152          | BITAND
  153          | BITXOR
  154          | EQUAL
  155          | NOT_EQUAL
  156          | LEQ
  157          | GEQ
  158          | PLUSPLUS
  159          | MINUSMINUS
  160          | LSHIFT
  161          | RSHIFT
  162          | ASSIGN_PLUS
  163          | ASSIGN_MINUS
  164          | ASSIGN_MUL
  165          | ASSIGN_DIV
  166          | ASSIGN_MOD
  167          | ASSIGN_LSHIFT
  168          | ASSIGN_RSHIFT
  169          | ASSIGN_OR
  170          | ASSIGN_AND
  171          | ASSIGN_XOR
  172          | ARROW
  173          | '[' ']'
  174          | '(' ')'

  175 template_opt: /* tom */
  176             | TEMPLATE_KW

  177 unqualified_id: nested_name_specifier
  178               | operator_function_id

  179 TWO_COLON_opt: /* tom */
  180              | TWO_COLON

  181 conversion_function_id: OPERATOR_KW conversion_type_id conversion_declarator_opt

  182 conversion_type_id: CONST_KW conversion_type_id
  183                   | basic_type
  184                   | basic_type conversion_type_id2
  185                   | scoped_id2

  186 conversion_type_id2: CONST_KW
  187                    | CONST_KW conversion_type_id2
  188                    | basic_type
  189                    | basic_type conversion_type_id2

  190 conversion_declarator: ptr_operator conversion_declarator_opt

  191 conversion_declarator_opt: /* tom */
  192                          | conversion_declarator

  193 id: IDENTIFIER
  194   | IDENTIFIER '<' template_argument_list_opt '>'

  195 nested_id: id
  196          | operator_function_id
  197          | '~' IDENTIFIER
  198          | id TWO_COLON nested_id
  199          | id TWO_COLON STAR nested_id

  200 global_scope: TWO_COLON

  201 scoped_id: nested_id
  202          | global_scope nested_id
  203          | conversion_function_id

  204 scoped_id2: nested_id
  205           | global_scope nested_id

  206 nested_name_specifier: IDENTIFIER TWO_COLON

  207 nested_name_specifier_opt: /* tom */
  208                          | nested_name_specifier

  209 postfix_expression: primary_expression
  210                   | postfix_expression '[' expression ']'
  211                   | postfix_expression '(' expression_list_opt ')'
  212                   | basic_type '(' expression_list_opt ')'
  213                   | postfix_expression PLUSPLUS
  214                   | postfix_expression MINUSMINUS
  215                   | postfix_expression '.' scoped_id
  216                   | postfix_expression ARROW scoped_id
  217                   | STATIC_CAST_KW '<' type_id '>' '(' expression ')'
  218                   | DYNAMIC_CAST_KW '<' type_id '>' '(' expression ')'

  219 expression_list: assignment_expression
  220                | expression_list ',' assignment_expression

  221 expression_list_opt: /* tom */
  222                    | expression_list

  223 unary_expression: postfix_expression
  224                 | PLUSPLUS cast_expression
  225                 | MINUSMINUS cast_expression
  226                 | STAR cast_expression
  227                 | BITAND cast_expression
  228                 | '+' cast_expression
  229                 | '-' cast_expression
  230                 | '!' cast_expression
  231                 | SIZEOF_KW unary_expression
  232                 | SIZEOF_KW '(' type_id ')'
  233                 | new_expression new_declarator_opt new_initializer_opt
  234                 | delete_expression

  235 new_expression: TWO_COLON_opt NEW_KW new_placement_opt new_type_id

  236 new_placement: '(' expression_list ')'

  237 new_placement_opt: /* tom */
  238                  | new_placement

  239 new_type_id: CONST_KW new_type_id
  240            | basic_type new_type_id2
  241            | scoped_id

  242 after_opt: /* tom */
  243          | after

  244 after: '<' template_parameter_list '>'

  245 new_type_id2: CONST_KW new_type_id2
  246             | basic_type new_type_id2

  247 new_declarator: ptr_operator new_declarator_opt
  248               | direct_new_declarator

  249 new_declarator_opt: /* tom */
  250                   | new_declarator

  251 direct_new_declarator: '[' expression ']'
  252                      | direct_new_declarator '[' constant_expression ']'

  253 new_initializer: '(' expression_list_opt ')'

  254 new_initializer_opt: /* tom */
  255                    | new_initializer

  256 delete_expression: TWO_COLON_opt DELETE_KW cast_expression
  257                  | TWO_COLON_opt DELETE_KW '[' ']' cast_expression

  258 cast_expression: unary_expression
  259                | '(' type_id ')' cast_expression

  260 pm_expression: cast_expression
  261              | pm_expression DOT_STAR cast_expression
  262              | pm_expression ARROW_STAR cast_expression

  263 multiplicative_expression: pm_expression
  264                          | multiplicative_expression STAR pm_expression
  265                          | multiplicative_expression '/' pm_expression
  266                          | multiplicative_expression '%' pm_expression

  267 additive_expression: multiplicative_expression
  268                    | additive_expression '+' multiplicative_expression
  269                    | additive_expression '-' multiplicative_expression

  270 shift_expression: additive_expression
  271                 | shift_expression LSHIFT additive_expression
  272                 | shift_expression RSHIFT additive_expression

  273 relational_expression: shift_expression
  274                      | relational_expression '<' shift_expression
  275                      | relational_expression '>' shift_expression
  276                      | relational_expression LEQ shift_expression
  277                      | relational_expression GEQ shift_expression

  278 equality_expression: relational_expression
  279                    | equality_expression EQUAL relational_expression
  280                    | equality_expression NOT_EQUAL relational_expression

  281 and_expression: equality_expression
  282               | and_expression BITAND equality_expression

  283 exclusive_or_expression: and_expression
  284                        | exclusive_or_expression BITXOR and_expression

  285 inclusive_or_expression: exclusive_or_expression
  286                        | inclusive_or_expression BITOR exclusive_or_expression

  287 logical_and_expression: inclusive_or_expression
  288                       | logical_and_expression LAND inclusive_or_expression

  289 logical_or_expression: logical_and_expression
  290                      | logical_or_expression LOR logical_and_expression

  291 conditional_expression: logical_or_expression
  292                       | logical_or_expression '?' expression ':' assignment_expression

  293 assignment_operator: '='
  294                    | ASSIGN_PLUS
  295                    | ASSIGN_MINUS
  296                    | ASSIGN_OR
  297                    | ASSIGN_XOR
  298                    | ASSIGN_AND
  299                    | ASSIGN_MUL
  300                    | ASSIGN_DIV
  301                    | ASSIGN_MOD
  302                    | ASSIGN_LSHIFT
  303                    | ASSIGN_RSHIFT

  304 assignment_expression: conditional_expression
  305                      | logical_or_expression assignment_operator assignment_expression

  306 assignment_expression_opt: /* tom */
  307                          | assignment_expression

  308 throw_expression: THROW_KW assignment_expression_opt

  309 expression: assignment_expression
  310           | expression ',' assignment_expression

  311 expression_opt: /* tom */
  312               | expression

  313 constant_expression: conditional_expression

  314 constant_expression_opt: /* tom */
  315                        | conditional_expression

  316 statement: expression_or_declaration
  317          | labeled_statement
  318          | compound_statement
  319          | selection_statement
  320          | iteration_statement
  321          | jump_statement
  322          | return_statement

  323 labeled_statement: CASE_KW case_primlist ':' statement
  324                  | DEFAULT_KW ':' statement
  325                  | IDENTIFIER ':' statement

  326 try_block: TRY_KW compound_statement handler_seq

  327 handler_seq: handler
  328            | handler handler_seq

  329 handler: CATCH_KW '(' exception_declaration ')' compound_statement

  330 exception_declaration: type_specifier declarator
  331                      | THREE_DOTS

  332 jump_statement: CONTINUE_KW ';'
  333               | BREAK_KW ';'
  334               | GOTO_KW IDENTIFIER ';'

  335 case_prim: FALSE_KW
  336          | TRUE_KW
  337          | INTEGER_LITERAL
  338          | DOUBLE_LITERAL
  339          | STRING_LITERAL
  340          | LSTRING_LITERAL
  341          | CHAR_LITERAL
  342          | TWO_COLON
  343          | IDENTIFIER
  344          | THIS_KW
  345          | NEW_KW
  346          | DELETE_KW
  347          | OPERATOR_KW
  348          | STRUCT_KW
  349          | CLASS_KW
  350          | UNION_KW
  351          | INTERFACE_KW
  352          | ENUM_KW
  353          | CONST_KW
  354          | VOLATILE_KW
  355          | TYPEDEF_KW
  356          | INLINE_KW
  357          | TYPENAME_KW
  358          | CHAR_KW
  359          | WCHAR_T_KW
  360          | BOOL_KW
  361          | INT_KW
  362          | SHORT_KW
  363          | LONG_KW
  364          | SIGNED_KW
  365          | UNSIGNED_KW
  366          | FLOAT_KW
  367          | DOUBLE_KW
  368          | VOID_KW
  369          | RETURN_KW
  370          | ATTRIBUTE_KW
  371          | '(' ')'
  372          | '(' primlist ')'
  373          | '['
  374          | ']'
  375          | '{'
  376          | '}'
  377          | STATIC_CAST_KW
  378          | DYNAMIC_CAST_KW
  379          | SIZEOF_KW
  380          | '<'
  381          | '>'
  382          | '+'
  383          | '-'
  384          | '/'
  385          | '%'
  386          | '='
  387          | '~'
  388          | '?'
  389          | '!'
  390          | EQUAL
  391          | NOT_EQUAL
  392          | LEQ
  393          | GEQ
  394          | ','
  395          | '.'
  396          | '@'
  397          | LSHIFT
  398          | RSHIFT
  399          | LOR
  400          | LAND
  401          | BITOR
  402          | BITAND
  403          | BITXOR
  404          | ARROW
  405          | STAR
  406          | PLUSPLUS
  407          | MINUSMINUS
  408          | ASSIGN_PLUS
  409          | ASSIGN_MINUS
  410          | ASSIGN_MUL
  411          | ASSIGN_DIV
  412          | ASSIGN_MOD

  413 case_primlist: case_prim
  414              | case_primlist case_prim

  415 template_argument_prim: FALSE_KW
  416                       | TRUE_KW
  417                       | INTEGER_LITERAL
  418                       | DOUBLE_LITERAL
  419                       | STRING_LITERAL
  420                       | LSTRING_LITERAL
  421                       | CHAR_LITERAL
  422                       | TWO_COLON
  423                       | IDENTIFIER
  424                       | THIS_KW
  425                       | NEW_KW
  426                       | DELETE_KW
  427                       | OPERATOR_KW
  428                       | STRUCT_KW
  429                       | CLASS_KW
  430                       | UNION_KW
  431                       | INTERFACE_KW
  432                       | ENUM_KW
  433                       | CONST_KW
  434                       | VOLATILE_KW
  435                       | TYPEDEF_KW
  436                       | THROW_KW
  437                       | CHAR_KW
  438                       | WCHAR_T_KW
  439                       | BOOL_KW
  440                       | INT_KW
  441                       | SHORT_KW
  442                       | LONG_KW
  443                       | SIGNED_KW
  444                       | UNSIGNED_KW
  445                       | FLOAT_KW
  446                       | DOUBLE_KW
  447                       | VOID_KW
  448                       | '(' ')'
  449                       | '(' primlist ')'
  450                       | '['
  451                       | ']'
  452                       | STATIC_CAST_KW
  453                       | DYNAMIC_CAST_KW
  454                       | REINTERPRET_CAST_KW
  455                       | CONST_CAST_KW
  456                       | SIZEOF_KW
  457                       | '>'
  458                       | '+'
  459                       | '-'
  460                       | '/'
  461                       | '%'
  462                       | '='
  463                       | '~'
  464                       | '?'
  465                       | ':'
  466                       | '!'
  467                       | EQUAL
  468                       | NOT_EQUAL
  469                       | LEQ
  470                       | GEQ
  471                       | '.'
  472                       | LSHIFT
  473                       | RSHIFT
  474                       | LOR
  475                       | LAND
  476                       | BITOR
  477                       | BITAND
  478                       | BITXOR
  479                       | ARROW
  480                       | STAR
  481                       | PLUSPLUS
  482                       | MINUSMINUS
  483                       | ASSIGN_PLUS
  484                       | ASSIGN_MINUS
  485                       | ASSIGN_MUL
  486                       | ASSIGN_DIV
  487                       | ASSIGN_MOD
  488                       | ASSIGN_LSHIFT
  489                       | ASSIGN_RSHIFT

  490 template_argument_primlist: template_argument_prim
  491                           | template_argument_primlist template_argument_prim

  492 primlist_opt: /* tom */
  493             | primlist

  494 expression_or_declaration: primlist ';'

  495 expression_statement: expression ';'

  496 statement_seq: statement
  497              | statement statement_seq

  498 selection_statement: IF_KW '(' condition ')' statement
  499                    | IF_KW '(' condition ')' statement ELSE_KW statement
  500                    | SWITCH_KW '(' condition ')' statement

  501 condition: primlist

  502 condition_opt: /* tom */
  503              | condition

  504 iteration_statement: WHILE_KW '(' condition ')' statement
  505                    | DO_KW statement WHILE_KW '(' primlist ')' ';'
  506                    | FOR_KW '(' primlist_opt ';' primlist_opt ';' primlist_opt ')' statement

  507 return_statement: RETURN_KW ';'
  508                 | RETURN_KW primlist ';'

  509 declaration_statement: block_declaration

  510 declaration_seq: declaration
  511                | declaration declaration_seq

  512 declaration_seq_opt: /* tom */
  513                    | declaration_seq

  514 declaration: block_declaration
  515            | function_definition
  516            | linkage_specification
  517            | explicit_specialization
  518            | namespace_definition
  519            | template_declaration

  520 export_opt: /* tom */
  521           | EXPORT_KW

  522 template_declaration: export_opt TEMPLATE_KW '<' template_parameter_list '>' declaration

  523 template_parameter_list: template_parameter
  524                        | template_parameter_list ',' template_parameter

  525 template_parameter: type_parameter
  526                   | template_parameter_declaration

  527 TYPENAME_KW_opt: /* tom */
  528                | TYPENAME_KW

  529 type_parameter: CLASS_KW identifier_opt
  530               | CLASS_KW identifier_opt '=' type_id
  531               | TYPENAME_KW identifier_opt
  532               | TYPENAME_KW identifier_opt '=' type_id
  533               | TEMPLATE_KW '<' template_parameter_list '>' CLASS_KW identifier_opt

  534 template_parameter_declaration: template_parameter_declaration1 declarator

  535 template_parameter_declaration1: CONST_KW template_parameter_declaration1
  536                                | basic_type
  537                                | basic_type template_parameter_declaration2

  538 template_parameter_declaration2: basic_type
  539                                | basic_type template_parameter_declaration2

  540 template_id: template_name '<' template_argument_list_opt '>'

  541 template_name: IDENTIFIER

  542 template_argument_list: template_argument
  543                       | template_argument_list ',' template_argument

  544 template_argument_list_opt: /* tom */
  545                           | template_argument_list

  546 template_argument: template_argument_primlist

  547 explicit_specialization: TEMPLATE_KW '<' '>' declaration

  548 linkage_specification: EXTERN_KW STRING_LITERAL '{' declaration_seq_opt '}'
  549                      | EXTERN_KW STRING_LITERAL declaration

  550 namespace_definition: named_namespace_definition

  551 named_namespace_definition: NAMESPACE_KW IDENTIFIER '{' declaration_seq_opt '}'

  552 unnamed_namespace_definition: NAMESPACE_KW '{' declaration_seq_opt '}'

  553 block_declaration: simple_declaration
  554                  | using_declaration
  555                  | using_directive
  556                  | __ASM_KW

  557 typename_opt: /* tom */
  558             | TYPENAME_KW

  559 using_declaration: USING_KW typename_opt unqualified_id ';'

  560 using_directive: USING_KW NAMESPACE_KW scoped_id ';'

  561 simple_declaration: simple_declaration2 init_declarator_list_opt ';'

  562 simple_declaration2: CONST_KW simple_declaration2
  563                    | VOLATILE_KW simple_declaration2
  564                    | TYPEDEF_KW simple_declaration2
  565                    | INLINE_KW
  566                    | INLINE_KW simple_declaration2
  567                    | EXTERN_KW simple_declaration2
  568                    | STATIC_KW simple_declaration2
  569                    | VIRTUAL_KW
  570                    | VIRTUAL_KW simple_declaration2
  571                    | EXPLICIT_KW
  572                    | EXPLICIT_KW simple_declaration2
  573                    | basic_type
  574                    | basic_type simple_declaration3
  575                    | elaborate_type
  576                    | elaborate_type simple_declaration4
  577                    | scoped_id

  578 simple_declaration3: basic_type
  579                    | basic_type simple_declaration3
  580                    | CONST_KW
  581                    | CONST_KW simple_declaration3
  582                    | VOLATILE_KW
  583                    | VOLATILE_KW simple_declaration3
  584                    | TYPEDEF_KW
  585                    | TYPEDEF_KW simple_declaration3
  586                    | INLINE_KW
  587                    | INLINE_KW simple_declaration3

  588 simple_declaration4: TYPEDEF_KW simple_declaration4
  589                    | INLINE_KW simple_declaration4
  590                    | CONST_KW
  591                    | VOLATILE_KW
  592                    | TYPEDEF_KW
  593                    | INLINE_KW

  594 elaborate_type: class_specifier
  595               | enum_specifier

  596 basic_type: VOID_KW
  597           | BOOL_KW
  598           | CHAR_KW
  599           | WCHAR_T_KW
  600           | INT_KW
  601           | SHORT_KW
  602           | LONG_KW
  603           | SIGNED_KW
  604           | UNSIGNED_KW
  605           | FLOAT_KW
  606           | DOUBLE_KW

  607 type_specifier2: nested_name_specifier
  608                | CHAR_KW

  609 decl_specifier_seq: decl_specifier
  610                   | decl_specifier_seq decl_specifier

  611 decl_specifier_seq_opt: /* tom */
  612                       | decl_specifier_seq

  613 decl_specifier: type_specifier
  614               | function_specifier
  615               | FRIEND_KW
  616               | TYPEDEF_KW

  617 _decl_specifier: _type_specifier

  618 storage_class_specifier: AUTO_KW
  619                        | REGISTER_KW
  620                        | STATIC_KW
  621                        | MUTABLE_KW
  622                        | __DECLSPEC_KW '(' IDENTIFIER ')'

  623 function_specifier: INLINE_KW
  624                   | VIRTUAL_KW
  625                   | EXPLICIT_KW

  626 simple_type_specifier_seq: simple_type_specifier2
  627                          | simple_type_specifier_seq simple_type_specifier2

  628 simple_type_specifier2: CHAR_KW
  629                       | WCHAR_T_KW
  630                       | BOOL_KW
  631                       | SHORT_KW
  632                       | INT_KW
  633                       | __INT64_KW
  634                       | LONG_KW
  635                       | SIGNED_KW
  636                       | UNSIGNED_KW
  637                       | FLOAT_KW
  638                       | DOUBLE_KW
  639                       | VOID_KW

  640 simple_type_specifier: scoped_id

  641 type_specifier: simple_type_specifier2

  642 _type_specifier: simple_type_specifier
  643                | class_specifier
  644                | enum_specifier
  645                | cv_qualifier

  646 type_specifier_seq: type_specifier
  647                   | type_specifier_seq type_specifier

  648 elaborated_type_specifier: class_key scoped_id

  649 enum_specifier: ENUM_KW identifier_opt '{' enumerator_list_opt '}'
  650               | ENUM_KW IDENTIFIER

  651 identifier_opt: /* tom */
  652               | IDENTIFIER

  653 enumerator_list: enumerator_definition
  654                | enumerator_list ','
  655                | enumerator_list ',' enumerator_definition

  656 enumerator_list_opt: /* tom */
  657                    | enumerator_list

  658 enumerator_definition: IDENTIFIER
  659                      | IDENTIFIER '=' constant_expression

  660 ctor_initializer: ':' mem_initializer_list

  661 mem_initializer_list: mem_initializer
  662                     | mem_initializer ',' mem_initializer_list

  663 mem_initializer: mem_initializer_id '(' expression_list_opt ')'

  664 mem_initializer_id: nested_name_specifier_opt class_name

  665 ctor_initializer_opt: /* tom */
  666                     | ctor_initializer

  667 function_definition: simple_declaration2 declarator ctor_initializer_opt function_body
  668                    | declarator ctor_initializer_opt function_body

  669 function_try_block: TRY_KW

  670 type_id_list: type_id
  671             | type_id_list ',' type_id

  672 type_id_list_opt: /* tom */
  673                 | type_id_list

  674 exception_specification: THROW_KW '(' type_id_list_opt ')'

  675 exception_specification_opt: /* tom */
  676                            | exception_specification

  677 function_body: compound_statement

  678 compound_statement: '{' '}'
  679                   | '{' statement_seq '}'

  680 init_declarator_list: init_declarator
  681                     | init_declarator_list ',' init_declarator

  682 init_declarator_list_opt: /* tom */
  683                         | init_declarator_list

  684 init_declarator: declarator
  685                | declarator initializer

  686 initializer_opt: /* tom */
  687                | initializer

  688 initializer: '=' initializer_clause
  689            | '(' expression_list ')'

  690 COMMA_opt: /* tom */
  691          | ','

  692 initializer_clause: assignment_expression
  693                   | '{' initializer_list COMMA_opt '}'
  694                   | '{' '}'

  695 initializer_list: initializer_clause
  696                 | initializer_list ',' initializer_clause

  697 declarator: direct_declarator
  698           | ptr_operator declarator

  699 direct_declarator: scoped_id
  700                  | direct_declarator '(' parameter_declaration_clause ')' cv_qualifier_seq_opt exception_specification_opt
  701                  | '(' declarator ')'
  702                  | direct_declarator '[' constant_expression_opt ']'

  703 type_id: type_id1 abstract_declarator_opt

  704 type_id1: CONST_KW type_id1
  705         | VOLATILE_KW type_id1
  706         | basic_type
  707         | basic_type type_id2
  708         | elaborate_type
  709         | elaborate_type type_id3
  710         | TYPENAME_KW_opt scoped_id
  711         | TYPENAME_KW_opt scoped_id type_id3

  712 type_id2: CONST_KW type_id2
  713         | VOLATILE_KW type_id2
  714         | basic_type type_id2
  715         | CONST_KW
  716         | VOLATILE_KW
  717         | basic_type

  718 type_id3: CONST_KW type_id3
  719         | CONST_KW

  720 abstract_declarator: direct_abstract_declarator
  721                    | ptr_operator abstract_declarator_opt

  722 abstract_declarator_opt: /* tom */
  723                        | abstract_declarator

  724 direct_abstract_declarator: direct_abstract_declarator '(' parameter_declaration_clause ')' cv_qualifier_seq_opt exception_specification_opt
  725                           | direct_abstract_declarator '[' constant_expression_opt ']'
  726                           | '(' parameter_declaration_clause ')' cv_qualifier_seq_opt exception_specification_opt
  727                           | '[' constant_expression_opt ']'
  728                           | '(' abstract_declarator ')'

  729 direct_abstract_declarator_opt: /* tom */
  730                               | direct_abstract_declarator

  731 parameter_declaration_clause: parameter_declaration_list_opt
  732                             | parameter_declaration_list ',' THREE_DOTS

  733 three_dots_opt: /* tom */
  734               | THREE_DOTS

  735 parameter_declaration_list: parameter_declaration
  736                           | parameter_declaration_list ',' parameter_declaration

  737 parameter_declaration_list_opt: /* tom */
  738                               | parameter_declaration_list

  739 parameter_declaration: parameter_declaration1 abstract_declarator_opt
  740                      | parameter_declaration1 abstract_declarator_opt '=' assignment_expression
  741                      | parameter_declaration1 declarator
  742                      | parameter_declaration1 declarator '=' assignment_expression

  743 parameter_declaration1: CONST_KW parameter_declaration1
  744                       | VOLATILE_KW parameter_declaration1
  745                       | basic_type
  746                       | basic_type parameter_declaration3
  747                       | elaborate_type
  748                       | elaborate_type parameter_declaration4
  749                       | TYPENAME_KW_opt scoped_id
  750                       | TYPENAME_KW_opt scoped_id parameter_declaration4

  751 parameter_declaration3: basic_type parameter_declaration3
  752                       | basic_type
  753                       | CONST_KW parameter_declaration3
  754                       | VOLATILE_KW parameter_declaration3
  755                       | CONST_KW
  756                       | VOLATILE_KW

  757 parameter_declaration4: CONST_KW parameter_declaration4
  758                       | VOLATILE_KW parameter_declaration4
  759                       | CONST_KW
  760                       | VOLATILE_KW

  761 ptr_operator: cc_qualifier
  762             | STAR cv_qualifier_seq_opt
  763             | BITAND

  764 ptr_operator_in_declarator: STAR cv_cc_qualifier_seq_opt
  765                           | BITAND cv_cc_qualifier

  766 cc_qualifier: __STDCALL_KW
  767             | __CDECL_KW

  768 cv_qualifier: CONST_KW
  769             | VOLATILE_KW

  770 cv_qualifier_seq: cv_qualifier
  771                 | cv_qualifier cv_qualifier_seq

  772 cv_qualifier_seq_opt: /* tom */
  773                     | cv_qualifier_seq

  774 cv_cc_qualifier: CONST_KW
  775                | VOLATILE_KW
  776                | __CDECL_KW
  777                | __STDCALL_KW

  778 cv_cc_qualifier_seq: cv_cc_qualifier
  779                    | cv_cc_qualifier cv_cc_qualifier_seq

  780 cv_cc_qualifier_seq_opt: /* tom */
  781                        | cv_cc_qualifier_seq

  782 class_name: IDENTIFIER
  783           | template_id

  784 class_specifier: class_key scoped_id
  785                | class_head '{' member_specification_opt '}'

  786 class_key: CLASS_KW
  787          | STRUCT_KW
  788          | UNION_KW
  789          | INTERFACE_KW

  790 access_specifier: PRIVATE_KW
  791                 | PROTECTED_KW
  792                 | PUBLIC_KW

  793 access_specifier_opt: /* tom */
  794                     | access_specifier

  795 class_head: class_key
  796           | class_key scoped_id base_clause_opt

  797 member_specification: member_declaration member_specification_opt
  798                     | access_specifier ':' member_specification_opt

  799 member_declaration_decl: member_declarator_list_opt ';'
  800                        | simple_declaration2 member_declarator_list_opt ';'

  801 member_declaration: member_declaration_decl
  802                   | function_definition
  803                   | template_declaration

  804 member_declarator_list: member_declarator
  805                       | member_declarator_list ',' member_declarator

  806 member_declarator_list_opt: /* tom */
  807                           | member_declarator_list

  808 member_declarator: declarator constant_initializer_opt
  809                  | scoped_id ':' constant_expression

  810 constant_initializer_opt: /* tom */
  811                         | '=' constant_expression

  812 member_specification_opt: /* tom */
  813                         | member_specification

  814 base_clause: ':' base_specifier_list

  815 base_clause_opt: /* tom */
  816                | base_clause

  817 base_specifier_list: base_specifier
  818                    | base_specifier ',' base_specifier_list

  819 base_class_name: scoped_id

  820 base_specifier: base_class_name
  821               | VIRTUAL_KW access_specifier_opt base_class_name
  822               | access_specifier virtual_opt base_class_name

  823 virtual_opt: /* tom */
  824            | VIRTUAL_KW


Grammatikk

    0 $accept: translation_unit $end

    1 translation_unit: primlist

    2 prim: FALSE_KW
    3     | TRUE_KW
    4     | INTEGER_LITERAL
    5     | DOUBLE_LITERAL
    6     | STRING_LITERAL
    7     | LSTRING_LITERAL
    8     | CHAR_LITERAL
    9     | TWO_COLON
   10     | IMPORT_KW
   11     | IDENTIFIER
   12     | THIS_KW
   13     | NEW_KW
   14     | DELETE_KW
   15     | OPERATOR_KW
   16     | STRUCT_KW
   17     | CLASS_KW
   18     | UNION_KW
   19     | INTERFACE_KW
   20     | ENUM_KW
   21     | CONST_KW
   22     | VOLATILE_KW
   23     | TYPEDEF_KW
   24     | INLINE_KW
   25     | VIRTUAL_KW
   26     | STATIC_KW
   27     | EXPLICIT_KW
   28     | FRIEND_KW
   29     | ATTRIBUTE_KW
   30     | __ASM_KW
   31     | __CDECL_KW
   32     | __STDCALL_KW
   33     | __FASTCALL_KW
   34     | __DECLSPEC_KW
   35     | THREE_DOTS
   36     | DO_KW
   37     | WHILE_KW
   38     | SWITCH_KW
   39     | IF_KW
   40     | ELSE_KW
   41     | FOR_KW
   42     | RETURN_KW
   43     | BREAK_KW
   44     | CONTINUE_KW
   45     | CASE_KW
   46     | DEFAULT_KW
   47     | GOTO_KW
   48     | THROW_KW
   49     | NAMESPACE_KW
   50     | EXTERN_KW
   51     | CHAR_KW
   52     | WCHAR_T_KW
   53     | BOOL_KW
   54     | INT_KW
   55     | SHORT_KW
   56     | LONG_KW
   57     | SIGNED_KW
   58     | UNSIGNED_KW
   59     | FLOAT_KW
   60     | DOUBLE_KW
   61     | VOID_KW
   62     | __INT8_KW
   63     | __INT16_KW
   64     | __INT32_KW
   65     | __INT64_KW
   66     | __FLOAT32_KW
   67     | __FLOAT64_KW
   68     | PUBLIC_KW
   69     | PROTECTED_KW
   70     | PRIVATE_KW
   71     | TEMPLATE_KW
   72     | TYPENAME_KW
   73     | ';'
   74     | '('
   75     | ')'
   76     | '['
   77     | ']'
   78     | '{'
   79     | '}'
   80     | STATIC_CAST_KW
   81     | DYNAMIC_CAST_KW
   82     | REINTERPRET_CAST_KW
   83     | CONST_CAST_KW
   84     | SIZEOF_KW
   85     | TYPEID_KW
   86     | '<'
   87     | '>'
   88     | '+'
   89     | '-'
   90     | '/'
   91     | '%'
   92     | '='
   93     | '~'
   94     | '?'
   95     | ':'
   96     | '!'
   97     | EQUAL
   98     | NOT_EQUAL
   99     | LEQ
  100     | GEQ
  101     | ','
  102     | '.'
  103     | '@'
  104     | LSHIFT
  105     | RSHIFT
  106     | LOR
  107     | LAND
  108     | BITOR
  109     | BITAND
  110     | BITXOR
  111     | ARROW
  112     | STAR
  113     | PLUSPLUS
  114     | MINUSMINUS
  115     | ASSIGN_PLUS
  116     | ASSIGN_MINUS
  117     | ASSIGN_MUL
  118     | ASSIGN_DIV
  119     | ASSIGN_MOD
  120     | ASSIGN_OR
  121     | ASSIGN_XOR
  122     | ASSIGN_AND
  123     | ASSIGN_LSHIFT
  124     | ASSIGN_RSHIFT

  125 primlist: prim
  126         | primlist prim


Terminaler med regler hvor de opptrer

$end (0) 0
'!' (33) 96
'%' (37) 91
'(' (40) 74
')' (41) 75
'+' (43) 88
',' (44) 101
'-' (45) 89
'.' (46) 102
'/' (47) 90
':' (58) 95
';' (59) 73
'<' (60) 86
'=' (61) 92
'>' (62) 87
'?' (63) 94
'@' (64) 103
'[' (91) 76
']' (93) 77
'{' (123) 78
'}' (125) 79
'~' (126) 93
error (256)
EXP_TOKEN (258)
DECLS_TOKEN (259)
IDENTIFIER (260) 11
identifier_lparen (261)
PLUSPLUS (262) 113
MINUSMINUS (263) 114
ARROW (264) 111
EQUAL (265) 97
NOT_EQUAL (266) 98
ASSIGN_PLUS (267) 115
ASSIGN_MINUS (268) 116
ASSIGN_OR (269) 120
ASSIGN_XOR (270) 121
ASSIGN_AND (271) 122
ASSIGN_MUL (272) 117
ASSIGN_DIV (273) 118
ASSIGN_MOD (274) 119
ASSIGN_LSHIFT (275) 123
ASSIGN_RSHIFT (276) 124
LEQ (277) 99
GEQ (278) 100
STAR (279) 112
BITAND (280) 109
BITOR (281) 108
BITXOR (282) 110
LAND (283) 107
LOR (284) 106
DOT_STAR (285)
ARROW_STAR (286)
NAMESPACE_KW (287) 49
USING_KW (288)
EXTERN_KW (289) 50
IF_KW (290) 39
ELSE_KW (291) 40
SWITCH_KW (292) 38
CASE_KW (293) 45
DEFAULT_KW (294) 46
GOTO_KW (295) 47
BREAK_KW (296) 43
CONTINUE_KW (297) 44
FOR_KW (298) 41
DO_KW (299) 36
WHILE_KW (300) 37
CONST_KW (301) 21
VOLATILE_KW (302) 22
TYPEDEF_KW (303) 23
TYPENAME_KW (304) 72
ENUM_KW (305) 20
CLASS_KW (306) 17
STRUCT_KW (307) 16
UNION_KW (308) 18
PRIVATE_KW (309) 70
PROTECTED_KW (310) 69
PUBLIC_KW (311) 68
AUTO_KW (312)
REGISTER_KW (313)
STATIC_KW (314) 26
MUTABLE_KW (315)
INLINE_KW (316) 24
VIRTUAL_KW (317) 25
EXPLICIT_KW (318) 27
FRIEND_KW (319) 28
FALSE_KW (320) 2
TRUE_KW (321) 3
STATIC_ASSERT_KW (322)
STATIC_CAST_KW (323) 80
REINTERPRET_CAST_KW (324) 82
DYNAMIC_CAST_KW (325) 81
CONST_CAST_KW (326) 83
RETURN_KW (327) 42
TRY_KW (328)
THROW_KW (329) 48
CATCH_KW (330)
CHAR_KW (331) 51
WCHAR_T_KW (332) 52
BOOL_KW (333) 53
SHORT_KW (334) 55
INT_KW (335) 54
INTERFACE_KW (336) 19
LONG_KW (337) 56
SIGNED_KW (338) 57
UNSIGNED_KW (339) 58
FLOAT_KW (340) 59
DOUBLE_KW (341) 60
VOID_KW (342) 61
TEMPLATE_KW (343) 71
EXPORT_KW (344)
NULLPTR_KW (345)
CONSTEXPR_KW (346)
DECLTYPE_KW (347)
__FLOAT32_KW (348) 66
__FLOAT64_KW (349) 67
__INT8_KW (350) 62
__INT16_KW (351) 63
__INT32_KW (352) 64
__INT64_KW (353) 65
__INT128_KW (354)
__CDECL_KW (355) 31
__STDCALL_KW (356) 32
__FASTCALL_KW (357) 33
__DECLSPEC_KW (358) 34
__ASM_KW (359) 30
LSHIFT (360) 104
RSHIFT (361) 105
TWO_COLON (362) 9
THREE_DOTS (363) 35
NEW_KW (364) 13
DELETE_KW (365) 14
OPERATOR_KW (366) 15
SIZEOF_KW (367) 84
TYPEID_KW (368) 85
STRING_LITERAL (369) 6
LSTRING_LITERAL (370) 7
CHAR_LITERAL (371) 8
INTEGER_LITERAL (372) 4
DOUBLE_LITERAL (373) 5
IMPORT_KW (374) 10
TEMPLATE_NAME (375)
ATTRIBUTE_KW (376) 29
THIS_KW (377) 12
NTA (378)
YTA (379)
YTT (380)
NTY (381)
YTY (382)
CTORN (383)
SHIFT_THERE (384)


Ikke-terminaler med regler hvor de opptrer

$accept (151)
    til venstre: 0
translation_unit (152)
    til venstre: 1, til høyre: 0
prim (153)
    til venstre: 2 3 4 5 6 7 8 9 10 11 12 13 14 15 16 17 18 19 20 21
    22 23 24 25 26 27 28 29 30 31 32 33 34 35 36 37 38 39 40 41 42
    43 44 45 46 47 48 49 50 51 52 53 54 55 56 57 58 59 60 61 62 63
    64 65 66 67 68 69 70 71 72 73 74 75 76 77 78 79 80 81 82 83 84
    85 86 87 88 89 90 91 92 93 94 95 96 97 98 99 100 101 102 103 104
    105 106 107 108 109 110 111 112 113 114 115 116 117 118 119 120
    121 122 123 124, til høyre: 125 126
primlist (154)
    til venstre: 125 126, til høyre: 1 126


tilstand 0

    0 $accept: . translation_unit $end

    IDENTIFIER           skift og gå til tilstand 1
    PLUSPLUS             skift og gå til tilstand 2
    MINUSMINUS           skift og gå til tilstand 3
    ARROW                skift og gå til tilstand 4
    EQUAL                skift og gå til tilstand 5
    NOT_EQUAL            skift og gå til tilstand 6
    ASSIGN_PLUS          skift og gå til tilstand 7
    ASSIGN_MINUS         skift og gå til tilstand 8
    ASSIGN_OR            skift og gå til tilstand 9
    ASSIGN_XOR           skift og gå til tilstand 10
    ASSIGN_AND           skift og gå til tilstand 11
    ASSIGN_MUL           skift og gå til tilstand 12
    ASSIGN_DIV           skift og gå til tilstand 13
    ASSIGN_MOD           skift og gå til tilstand 14
    ASSIGN_LSHIFT        skift og gå til tilstand 15
    ASSIGN_RSHIFT        skift og gå til tilstand 16
    LEQ                  skift og gå til tilstand 17
    GEQ                  skift og gå til tilstand 18
    STAR                 skift og gå til tilstand 19
    BITAND               skift og gå til tilstand 20
    BITOR                skift og gå til tilstand 21
    BITXOR               skift og gå til tilstand 22
    LAND                 skift og gå til tilstand 23
    LOR                  skift og gå til tilstand 24
    NAMESPACE_KW         skift og gå til tilstand 25
    EXTERN_KW            skift og gå til tilstand 26
    IF_KW                skift og gå til tilstand 27
    ELSE_KW              skift og gå til tilstand 28
    SWITCH_KW            skift og gå til tilstand 29
    CASE_KW              skift og gå til tilstand 30
    DEFAULT_KW           skift og gå til tilstand 31
    GOTO_KW              skift og gå til tilstand 32
    BREAK_KW             skift og gå til tilstand 33
    CONTINUE_KW          skift og gå til tilstand 34
    FOR_KW               skift og gå til tilstand 35
    DO_KW                skift og gå til tilstand 36
    WHILE_KW             skift og gå til tilstand 37
    CONST_KW             skift og gå til tilstand 38
    VOLATILE_KW          skift og gå til tilstand 39
    TYPEDEF_KW           skift og gå til tilstand 40
    TYPENAME_KW          skift og gå til tilstand 41
    ENUM_KW              skift og gå til tilstand 42
    CLASS_KW             skift og gå til tilstand 43
    STRUCT_KW            skift og gå til tilstand 44
    UNION_KW             skift og gå til tilstand 45
    PRIVATE_KW           skift og gå til tilstand 46
    PROTECTED_KW         skift og gå til tilstand 47
    PUBLIC_KW            skift og gå til tilstand 48
    STATIC_KW            skift og gå til tilstand 49
    INLINE_KW            skift og gå til tilstand 50
    VIRTUAL_KW           skift og gå til tilstand 51
    EXPLICIT_KW          skift og gå til tilstand 52
    FRIEND_KW            skift og gå til tilstand 53
    FALSE_KW             skift og gå til tilstand 54
    TRUE_KW              skift og gå til tilstand 55
    STATIC_CAST_KW       skift og gå til tilstand 56
    REINTERPRET_CAST_KW  skift og gå til tilstand 57
    DYNAMIC_CAST_KW      skift og gå til tilstand 58
    CONST_CAST_KW        skift og gå til tilstand 59
    RETURN_KW            skift og gå til tilstand 60
    THROW_KW             skift og gå til tilstand 61
    CHAR_KW              skift og gå til tilstand 62
    WCHAR_T_KW           skift og gå til tilstand 63
    BOOL_KW              skift og gå til tilstand 64
    SHORT_KW             skift og gå til tilstand 65
    INT_KW               skift og gå til tilstand 66
    INTERFACE_KW         skift og gå til tilstand 67
    LONG_KW              skift og gå til tilstand 68
    SIGNED_KW            skift og gå til tilstand 69
    UNSIGNED_KW          skift og gå til tilstand 70
    FLOAT_KW             skift og gå til tilstand 71
    DOUBLE_KW            skift og gå til tilstand 72
    VOID_KW              skift og gå til tilstand 73
    TEMPLATE_KW          skift og gå til tilstand 74
    __FLOAT32_KW         skift og gå til tilstand 75
    __FLOAT64_KW         skift og gå til tilstand 76
    __INT8_KW            skift og gå til tilstand 77
    __INT16_KW           skift og gå til tilstand 78
    __INT32_KW           skift og gå til tilstand 79
    __INT64_KW           skift og gå til tilstand 80
    __CDECL_KW           skift og gå til tilstand 81
    __STDCALL_KW         skift og gå til tilstand 82
    __FASTCALL_KW        skift og gå til tilstand 83
    __DECLSPEC_KW        skift og gå til tilstand 84
    __ASM_KW             skift og gå til tilstand 85
    LSHIFT               skift og gå til tilstand 86
    RSHIFT               skift og gå til tilstand 87
    TWO_COLON            skift og gå til tilstand 88
    THREE_DOTS           skift og gå til tilstand 89
    NEW_KW               skift og gå til tilstand 90
    DELETE_KW            skift og gå til tilstand 91
    OPERATOR_KW          skift og gå til tilstand 92
    SIZEOF_KW            skift og gå til tilstand 93
    TYPEID_KW            skift og gå til tilstand 94
    STRING_LITERAL       skift og gå til tilstand 95
    LSTRING_LITERAL      skift og gå til tilstand 96
    CHAR_LITERAL         skift og gå til tilstand 97
    INTEGER_LITERAL      skift og gå til tilstand 98
    DOUBLE_LITERAL       skift og gå til tilstand 99
    IMPORT_KW            skift og gå til tilstand 100
    ATTRIBUTE_KW         skift og gå til tilstand 101
    THIS_KW              skift og gå til tilstand 102
    '('                  skift og gå til tilstand 103
    ')'                  skift og gå til tilstand 104
    '~'                  skift og gå til tilstand 105
    '='                  skift og gå til tilstand 106
    '!'                  skift og gå til tilstand 107
    '>'                  skift og gå til tilstand 108
    '<'                  skift og gå til tilstand 109
    '+'                  skift og gå til tilstand 110
    '-'                  skift og gå til tilstand 111
    '/'                  skift og gå til tilstand 112
    '%'                  skift og gå til tilstand 113
    '['                  skift og gå til tilstand 114
    ']'                  skift og gå til tilstand 115
    '.'                  skift og gå til tilstand 116
    ','                  skift og gå til tilstand 117
    '?'                  skift og gå til tilstand 118
    ':'                  skift og gå til tilstand 119
    ';'                  skift og gå til tilstand 120
    '{'                  skift og gå til tilstand 121
    '}'                  skift og gå til tilstand 122
    '@'                  skift og gå til tilstand 123

    translation_unit  gå til tilstand 124
    prim              gå til tilstand 125
    primlist          gå til tilstand 126


tilstand 1

   11 prim: IDENTIFIER .

    $default  reduksjon ved hjelp av regel 11 (prim)


tilstand 2

  113 prim: PLUSPLUS .

    $default  reduksjon ved hjelp av regel 113 (prim)


tilstand 3

  114 prim: MINUSMINUS .

    $default  reduksjon ved hjelp av regel 114 (prim)


tilstand 4

  111 prim: ARROW .

    $default  reduksjon ved hjelp av regel 111 (prim)


tilstand 5

   97 prim: EQUAL .

    $default  reduksjon ved hjelp av regel 97 (prim)


tilstand 6

   98 prim: NOT_EQUAL .

    $default  reduksjon ved hjelp av regel 98 (prim)


tilstand 7

  115 prim: ASSIGN_PLUS .

    $default  reduksjon ved hjelp av regel 115 (prim)


tilstand 8

  116 prim: ASSIGN_MINUS .

    $default  reduksjon ved hjelp av regel 116 (prim)


tilstand 9

  120 prim: ASSIGN_OR .

    $default  reduksjon ved hjelp av regel 120 (prim)


tilstand 10

  121 prim: ASSIGN_XOR .

    $default  reduksjon ved hjelp av regel 121 (prim)


tilstand 11

  122 prim: ASSIGN_AND .

    $default  reduksjon ved hjelp av regel 122 (prim)


tilstand 12

  117 prim: ASSIGN_MUL .

    $default  reduksjon ved hjelp av regel 117 (prim)


tilstand 13

  118 prim: ASSIGN_DIV .

    $default  reduksjon ved hjelp av regel 118 (prim)


tilstand 14

  119 prim: ASSIGN_MOD .

    $default  reduksjon ved hjelp av regel 119 (prim)


tilstand 15

  123 prim: ASSIGN_LSHIFT .

    $default  reduksjon ved hjelp av regel 123 (prim)


tilstand 16

  124 prim: ASSIGN_RSHIFT .

    $default  reduksjon ved hjelp av regel 124 (prim)


tilstand 17

   99 prim: LEQ .

    $default  reduksjon ved hjelp av regel 99 (prim)


tilstand 18

  100 prim: GEQ .

    $default  reduksjon ved hjelp av regel 100 (prim)


tilstand 19

  112 prim: STAR .

    $default  reduksjon ved hjelp av regel 112 (prim)


tilstand 20

  109 prim: BITAND .

    $default  reduksjon ved hjelp av regel 109 (prim)


tilstand 21

  108 prim: BITOR .

    $default  reduksjon ved hjelp av regel 108 (prim)


tilstand 22

  110 prim: BITXOR .

    $default  reduksjon ved hjelp av regel 110 (prim)


tilstand 23

  107 prim: LAND .

    $default  reduksjon ved hjelp av regel 107 (prim)


tilstand 24

  106 prim: LOR .

    $default  reduksjon ved hjelp av regel 106 (prim)


tilstand 25

   49 prim: NAMESPACE_KW .

    $default  reduksjon ved hjelp av regel 49 (prim)


tilstand 26

   50 prim: EXTERN_KW .

    $default  reduksjon ved hjelp av regel 50 (prim)


tilstand 27

   39 prim: IF_KW .

    $default  reduksjon ved hjelp av regel 39 (prim)


tilstand 28

   40 prim: ELSE_KW .

    $default  reduksjon ved hjelp av regel 40 (prim)


tilstand 29

   38 prim: SWITCH_KW .

    $default  reduksjon ved hjelp av regel 38 (prim)


tilstand 30

   45 prim: CASE_KW .

    $default  reduksjon ved hjelp av regel 45 (prim)


tilstand 31

   46 prim: DEFAULT_KW .

    $default  reduksjon ved hjelp av regel 46 (prim)


tilstand 32

   47 prim: GOTO_KW .

    $default  reduksjon ved hjelp av regel 47 (prim)


tilstand 33

   43 prim: BREAK_KW .

    $default  reduksjon ved hjelp av regel 43 (prim)


tilstand 34

   44 prim: CONTINUE_KW .

    $default  reduksjon ved hjelp av regel 44 (prim)


tilstand 35

   41 prim: FOR_KW .

    $default  reduksjon ved hjelp av regel 41 (prim)


tilstand 36

   36 prim: DO_KW .

    $default  reduksjon ved hjelp av regel 36 (prim)


tilstand 37

   37 prim: WHILE_KW .

    $default  reduksjon ved hjelp av regel 37 (prim)


tilstand 38

   21 prim: CONST_KW .

    $default  reduksjon ved hjelp av regel 21 (prim)


tilstand 39

   22 prim: VOLATILE_KW .

    $default  reduksjon ved hjelp av regel 22 (prim)


tilstand 40

   23 prim: TYPEDEF_KW .

    $default  reduksjon ved hjelp av regel 23 (prim)


tilstand 41

   72 prim: TYPENAME_KW .

    $default  reduksjon ved hjelp av regel 72 (prim)


tilstand 42

   20 prim: ENUM_KW .

    $default  reduksjon ved hjelp av regel 20 (prim)


tilstand 43

   17 prim: CLASS_KW .

    $default  reduksjon ved hjelp av regel 17 (prim)


tilstand 44

   16 prim: STRUCT_KW .

    $default  reduksjon ved hjelp av regel 16 (prim)


tilstand 45

   18 prim: UNION_KW .

    $default  reduksjon ved hjelp av regel 18 (prim)


tilstand 46

   70 prim: PRIVATE_KW .

    $default  reduksjon ved hjelp av regel 70 (prim)


tilstand 47

   69 prim: PROTECTED_KW .

    $default  reduksjon ved hjelp av regel 69 (prim)


tilstand 48

   68 prim: PUBLIC_KW .

    $default  reduksjon ved hjelp av regel 68 (prim)


tilstand 49

   26 prim: STATIC_KW .

    $default  reduksjon ved hjelp av regel 26 (prim)


tilstand 50

   24 prim: INLINE_KW .

    $default  reduksjon ved hjelp av regel 24 (prim)


tilstand 51

   25 prim: VIRTUAL_KW .

    $default  reduksjon ved hjelp av regel 25 (prim)


tilstand 52

   27 prim: EXPLICIT_KW .

    $default  reduksjon ved hjelp av regel 27 (prim)


tilstand 53

   28 prim: FRIEND_KW .

    $default  reduksjon ved hjelp av regel 28 (prim)


tilstand 54

    2 prim: FALSE_KW .

    $default  reduksjon ved hjelp av regel 2 (prim)


tilstand 55

    3 prim: TRUE_KW .

    $default  reduksjon ved hjelp av regel 3 (prim)


tilstand 56

   80 prim: STATIC_CAST_KW .

    $default  reduksjon ved hjelp av regel 80 (prim)


tilstand 57

   82 prim: REINTERPRET_CAST_KW .

    $default  reduksjon ved hjelp av regel 82 (prim)


tilstand 58

   81 prim: DYNAMIC_CAST_KW .

    $default  reduksjon ved hjelp av regel 81 (prim)


tilstand 59

   83 prim: CONST_CAST_KW .

    $default  reduksjon ved hjelp av regel 83 (prim)


tilstand 60

   42 prim: RETURN_KW .

    $default  reduksjon ved hjelp av regel 42 (prim)


tilstand 61

   48 prim: THROW_KW .

    $default  reduksjon ved hjelp av regel 48 (prim)


tilstand 62

   51 prim: CHAR_KW .

    $default  reduksjon ved hjelp av regel 51 (prim)


tilstand 63

   52 prim: WCHAR_T_KW .

    $default  reduksjon ved hjelp av regel 52 (prim)


tilstand 64

   53 prim: BOOL_KW .

    $default  reduksjon ved hjelp av regel 53 (prim)


tilstand 65

   55 prim: SHORT_KW .

    $default  reduksjon ved hjelp av regel 55 (prim)


tilstand 66

   54 prim: INT_KW .

    $default  reduksjon ved hjelp av regel 54 (prim)


tilstand 67

   19 prim: INTERFACE_KW .

    $default  reduksjon ved hjelp av regel 19 (prim)


tilstand 68

   56 prim: LONG_KW .

    $default  reduksjon ved hjelp av regel 56 (prim)


tilstand 69

   57 prim: SIGNED_KW .

    $default  reduksjon ved hjelp av regel 57 (prim)


tilstand 70

   58 prim: UNSIGNED_KW .

    $default  reduksjon ved hjelp av regel 58 (prim)


tilstand 71

   59 prim: FLOAT_KW .

    $default  reduksjon ved hjelp av regel 59 (prim)


tilstand 72

   60 prim: DOUBLE_KW .

    $default  reduksjon ved hjelp av regel 60 (prim)


tilstand 73

   61 prim: VOID_KW .

    $default  reduksjon ved hjelp av regel 61 (prim)


tilstand 74

   71 prim: TEMPLATE_KW .

    $default  reduksjon ved hjelp av regel 71 (prim)


tilstand 75

   66 prim: __FLOAT32_KW .

    $default  reduksjon ved hjelp av regel 66 (prim)


tilstand 76

   67 prim: __FLOAT64_KW .

    $default  reduksjon ved hjelp av regel 67 (prim)


tilstand 77

   62 prim: __INT8_KW .

    $default  reduksjon ved hjelp av regel 62 (prim)


tilstand 78

   63 prim: __INT16_KW .

    $default  reduksjon ved hjelp av regel 63 (prim)


tilstand 79

   64 prim: __INT32_KW .

    $default  reduksjon ved hjelp av regel 64 (prim)


tilstand 80

   65 prim: __INT64_KW .

    $default  reduksjon ved hjelp av regel 65 (prim)


tilstand 81

   31 prim: __CDECL_KW .

    $default  reduksjon ved hjelp av regel 31 (prim)


tilstand 82

   32 prim: __STDCALL_KW .

    $default  reduksjon ved hjelp av regel 32 (prim)


tilstand 83

   33 prim: __FASTCALL_KW .

    $default  reduksjon ved hjelp av regel 33 (prim)


tilstand 84

   34 prim: __DECLSPEC_KW .

    $default  reduksjon ved hjelp av regel 34 (prim)


tilstand 85

   30 prim: __ASM_KW .

    $default  reduksjon ved hjelp av regel 30 (prim)


tilstand 86

  104 prim: LSHIFT .

    $default  reduksjon ved hjelp av regel 104 (prim)


tilstand 87

  105 prim: RSHIFT .

    $default  reduksjon ved hjelp av regel 105 (prim)


tilstand 88

    9 prim: TWO_COLON .

    $default  reduksjon ved hjelp av regel 9 (prim)


tilstand 89

   35 prim: THREE_DOTS .

    $default  reduksjon ved hjelp av regel 35 (prim)


tilstand 90

   13 prim: NEW_KW .

    $default  reduksjon ved hjelp av regel 13 (prim)


tilstand 91

   14 prim: DELETE_KW .

    $default  reduksjon ved hjelp av regel 14 (prim)


tilstand 92

   15 prim: OPERATOR_KW .

    $default  reduksjon ved hjelp av regel 15 (prim)


tilstand 93

   84 prim: SIZEOF_KW .

    $default  reduksjon ved hjelp av regel 84 (prim)


tilstand 94

   85 prim: TYPEID_KW .

    $default  reduksjon ved hjelp av regel 85 (prim)


tilstand 95

    6 prim: STRING_LITERAL .

    $default  reduksjon ved hjelp av regel 6 (prim)


tilstand 96

    7 prim: LSTRING_LITERAL .

    $default  reduksjon ved hjelp av regel 7 (prim)


tilstand 97

    8 prim: CHAR_LITERAL .

    $default  reduksjon ved hjelp av regel 8 (prim)


tilstand 98

    4 prim: INTEGER_LITERAL .

    $default  reduksjon ved hjelp av regel 4 (prim)


tilstand 99

    5 prim: DOUBLE_LITERAL .

    $default  reduksjon ved hjelp av regel 5 (prim)


tilstand 100

   10 prim: IMPORT_KW .

    $default  reduksjon ved hjelp av regel 10 (prim)


tilstand 101

   29 prim: ATTRIBUTE_KW .

    $default  reduksjon ved hjelp av regel 29 (prim)


tilstand 102

   12 prim: THIS_KW .

    $default  reduksjon ved hjelp av regel 12 (prim)


tilstand 103

   74 prim: '(' .

    $default  reduksjon ved hjelp av regel 74 (prim)


tilstand 104

   75 prim: ')' .

    $default  reduksjon ved hjelp av regel 75 (prim)


tilstand 105

   93 prim: '~' .

    $default  reduksjon ved hjelp av regel 93 (prim)


tilstand 106

   92 prim: '=' .

    $default  reduksjon ved hjelp av regel 92 (prim)


tilstand 107

   96 prim: '!' .

    $default  reduksjon ved hjelp av regel 96 (prim)


tilstand 108

   87 prim: '>' .

    $default  reduksjon ved hjelp av regel 87 (prim)


tilstand 109

   86 prim: '<' .

    $default  reduksjon ved hjelp av regel 86 (prim)


tilstand 110

   88 prim: '+' .

    $default  reduksjon ved hjelp av regel 88 (prim)


tilstand 111

   89 prim: '-' .

    $default  reduksjon ved hjelp av regel 89 (prim)


tilstand 112

   90 prim: '/' .

    $default  reduksjon ved hjelp av regel 90 (prim)


tilstand 113

   91 prim: '%' .

    $default  reduksjon ved hjelp av regel 91 (prim)


tilstand 114

   76 prim: '[' .

    $default  reduksjon ved hjelp av regel 76 (prim)


tilstand 115

   77 prim: ']' .

    $default  reduksjon ved hjelp av regel 77 (prim)


tilstand 116

  102 prim: '.' .

    $default  reduksjon ved hjelp av regel 102 (prim)


tilstand 117

  101 prim: ',' .

    $default  reduksjon ved hjelp av regel 101 (prim)


tilstand 118

   94 prim: '?' .

    $default  reduksjon ved hjelp av regel 94 (prim)


tilstand 119

   95 prim: ':' .

    $default  reduksjon ved hjelp av regel 95 (prim)


tilstand 120

   73 prim: ';' .

    $default  reduksjon ved hjelp av regel 73 (prim)


tilstand 121

   78 prim: '{' .

    $default  reduksjon ved hjelp av regel 78 (prim)


tilstand 122

   79 prim: '}' .

    $default  reduksjon ved hjelp av regel 79 (prim)


tilstand 123

  103 prim: '@' .

    $default  reduksjon ved hjelp av regel 103 (prim)


tilstand 124

    0 $accept: translation_unit . $end

    $end  skift og gå til tilstand 127


tilstand 125

  125 primlist: prim .

    $default  reduksjon ved hjelp av regel 125 (primlist)


tilstand 126

    1 translation_unit: primlist .
  126 primlist: primlist . prim

    IDENTIFIER           skift og gå til tilstand 1
    PLUSPLUS             skift og gå til tilstand 2
    MINUSMINUS           skift og gå til tilstand 3
    ARROW                skift og gå til tilstand 4
    EQUAL                skift og gå til tilstand 5
    NOT_EQUAL            skift og gå til tilstand 6
    ASSIGN_PLUS          skift og gå til tilstand 7
    ASSIGN_MINUS         skift og gå til tilstand 8
    ASSIGN_OR            skift og gå til tilstand 9
    ASSIGN_XOR           skift og gå til tilstand 10
    ASSIGN_AND           skift og gå til tilstand 11
    ASSIGN_MUL           skift og gå til tilstand 12
    ASSIGN_DIV           skift og gå til tilstand 13
    ASSIGN_MOD           skift og gå til tilstand 14
    ASSIGN_LSHIFT        skift og gå til tilstand 15
    ASSIGN_RSHIFT        skift og gå til tilstand 16
    LEQ                  skift og gå til tilstand 17
    GEQ                  skift og gå til tilstand 18
    STAR                 skift og gå til tilstand 19
    BITAND               skift og gå til tilstand 20
    BITOR                skift og gå til tilstand 21
    BITXOR               skift og gå til tilstand 22
    LAND                 skift og gå til tilstand 23
    LOR                  skift og gå til tilstand 24
    NAMESPACE_KW         skift og gå til tilstand 25
    EXTERN_KW            skift og gå til tilstand 26
    IF_KW                skift og gå til tilstand 27
    ELSE_KW              skift og gå til tilstand 28
    SWITCH_KW            skift og gå til tilstand 29
    CASE_KW              skift og gå til tilstand 30
    DEFAULT_KW           skift og gå til tilstand 31
    GOTO_KW              skift og gå til tilstand 32
    BREAK_KW             skift og gå til tilstand 33
    CONTINUE_KW          skift og gå til tilstand 34
    FOR_KW               skift og gå til tilstand 35
    DO_KW                skift og gå til tilstand 36
    WHILE_KW             skift og gå til tilstand 37
    CONST_KW             skift og gå til tilstand 38
    VOLATILE_KW          skift og gå til tilstand 39
    TYPEDEF_KW           skift og gå til tilstand 40
    TYPENAME_KW          skift og gå til tilstand 41
    ENUM_KW              skift og gå til tilstand 42
    CLASS_KW             skift og gå til tilstand 43
    STRUCT_KW            skift og gå til tilstand 44
    UNION_KW             skift og gå til tilstand 45
    PRIVATE_KW           skift og gå til tilstand 46
    PROTECTED_KW         skift og gå til tilstand 47
    PUBLIC_KW            skift og gå til tilstand 48
    STATIC_KW            skift og gå til tilstand 49
    INLINE_KW            skift og gå til tilstand 50
    VIRTUAL_KW           skift og gå til tilstand 51
    EXPLICIT_KW          skift og gå til tilstand 52
    FRIEND_KW            skift og gå til tilstand 53
    FALSE_KW             skift og gå til tilstand 54
    TRUE_KW              skift og gå til tilstand 55
    STATIC_CAST_KW       skift og gå til tilstand 56
    REINTERPRET_CAST_KW  skift og gå til tilstand 57
    DYNAMIC_CAST_KW      skift og gå til tilstand 58
    CONST_CAST_KW        skift og gå til tilstand 59
    RETURN_KW            skift og gå til tilstand 60
    THROW_KW             skift og gå til tilstand 61
    CHAR_KW              skift og gå til tilstand 62
    WCHAR_T_KW           skift og gå til tilstand 63
    BOOL_KW              skift og gå til tilstand 64
    SHORT_KW             skift og gå til tilstand 65
    INT_KW               skift og gå til tilstand 66
    INTERFACE_KW         skift og gå til tilstand 67
    LONG_KW              skift og gå til tilstand 68
    SIGNED_KW            skift og gå til tilstand 69
    UNSIGNED_KW          skift og gå til tilstand 70
    FLOAT_KW             skift og gå til tilstand 71
    DOUBLE_KW            skift og gå til tilstand 72
    VOID_KW              skift og gå til tilstand 73
    TEMPLATE_KW          skift og gå til tilstand 74
    __FLOAT32_KW         skift og gå til tilstand 75
    __FLOAT64_KW         skift og gå til tilstand 76
    __INT8_KW            skift og gå til tilstand 77
    __INT16_KW           skift og gå til tilstand 78
    __INT32_KW           skift og gå til tilstand 79
    __INT64_KW           skift og gå til tilstand 80
    __CDECL_KW           skift og gå til tilstand 81
    __STDCALL_KW         skift og gå til tilstand 82
    __FASTCALL_KW        skift og gå til tilstand 83
    __DECLSPEC_KW        skift og gå til tilstand 84
    __ASM_KW             skift og gå til tilstand 85
    LSHIFT               skift og gå til tilstand 86
    RSHIFT               skift og gå til tilstand 87
    TWO_COLON            skift og gå til tilstand 88
    THREE_DOTS           skift og gå til tilstand 89
    NEW_KW               skift og gå til tilstand 90
    DELETE_KW            skift og gå til tilstand 91
    OPERATOR_KW          skift og gå til tilstand 92
    SIZEOF_KW            skift og gå til tilstand 93
    TYPEID_KW            skift og gå til tilstand 94
    STRING_LITERAL       skift og gå til tilstand 95
    LSTRING_LITERAL      skift og gå til tilstand 96
    CHAR_LITERAL         skift og gå til tilstand 97
    INTEGER_LITERAL      skift og gå til tilstand 98
    DOUBLE_LITERAL       skift og gå til tilstand 99
    IMPORT_KW            skift og gå til tilstand 100
    ATTRIBUTE_KW         skift og gå til tilstand 101
    THIS_KW              skift og gå til tilstand 102
    '('                  skift og gå til tilstand 103
    ')'                  skift og gå til tilstand 104
    '~'                  skift og gå til tilstand 105
    '='                  skift og gå til tilstand 106
    '!'                  skift og gå til tilstand 107
    '>'                  skift og gå til tilstand 108
    '<'                  skift og gå til tilstand 109
    '+'                  skift og gå til tilstand 110
    '-'                  skift og gå til tilstand 111
    '/'                  skift og gå til tilstand 112
    '%'                  skift og gå til tilstand 113
    '['                  skift og gå til tilstand 114
    ']'                  skift og gå til tilstand 115
    '.'                  skift og gå til tilstand 116
    ','                  skift og gå til tilstand 117
    '?'                  skift og gå til tilstand 118
    ':'                  skift og gå til tilstand 119
    ';'                  skift og gå til tilstand 120
    '{'                  skift og gå til tilstand 121
    '}'                  skift og gå til tilstand 122
    '@'                  skift og gå til tilstand 123

    $default  reduksjon ved hjelp av regel 1 (translation_unit)

    prim  gå til tilstand 128


tilstand 127

    0 $accept: translation_unit $end .

    $default  aksept


tilstand 128

  126 primlist: primlist prim .

    $default  reduksjon ved hjelp av regel 126 (primlist)
